{"/home/travis/build/npmtest/node-npmtest-graphlib/test.js":{"path":"/home/travis/build/npmtest/node-npmtest-graphlib/test.js","s":{"1":2,"2":2,"3":2,"4":2,"5":2,"6":2,"7":2,"8":1,"9":2,"10":2,"11":1,"12":1,"13":1,"14":1,"15":2,"16":2,"17":2,"18":2,"19":1,"20":1,"21":2,"22":2,"23":2,"24":1,"25":1,"26":1,"27":1,"28":1,"29":1,"30":1,"31":1,"32":1,"33":1,"34":1,"35":1,"36":1,"37":1,"38":1,"39":2,"40":2,"41":1,"42":2,"43":2,"44":1,"45":2,"46":2,"47":1,"48":2,"49":2,"50":1,"51":1,"52":1,"53":1,"54":1},"b":{"1":[2,1,1,1],"2":[1,1,1,1],"3":[1,1],"4":[1,1],"5":[1,1],"6":[1,1],"7":[1,1],"8":[1,1],"9":[1,1],"10":[1,1,1],"11":[1,1],"12":[1,1],"13":[1,1],"14":[1,1],"15":[1,1],"16":[1,1],"17":[1,1]},"f":{"1":2,"2":2,"3":2,"4":2,"5":2,"6":1,"7":1,"8":1,"9":2,"10":2,"11":2,"12":2,"13":1},"fnMap":{"1":{"name":"(anonymous_1)","line":12,"loc":{"start":{"line":12,"column":1},"end":{"line":12,"column":13}}},"2":{"name":"(anonymous_2)","line":19,"loc":{"start":{"line":19,"column":5},"end":{"line":19,"column":17}}},"3":{"name":"(anonymous_3)","line":23,"loc":{"start":{"line":23,"column":24},"end":{"line":23,"column":36}}},"4":{"name":"(anonymous_4)","line":61,"loc":{"start":{"line":61,"column":5},"end":{"line":61,"column":17}}},"5":{"name":"(anonymous_5)","line":82,"loc":{"start":{"line":82,"column":5},"end":{"line":82,"column":17}}},"6":{"name":"(anonymous_6)","line":91,"loc":{"start":{"line":91,"column":77},"end":{"line":94,"column":10}}},"7":{"name":"(anonymous_7)","line":112,"loc":{"start":{"line":112,"column":83},"end":{"line":115,"column":10}},"skip":true},"8":{"name":"(anonymous_8)","line":123,"loc":{"start":{"line":123,"column":77},"end":{"line":126,"column":10}},"skip":true},"9":{"name":"(anonymous_9)","line":139,"loc":{"start":{"line":139,"column":12},"end":{"line":139,"column":40}},"skip":true},"10":{"name":"(anonymous_10)","line":147,"loc":{"start":{"line":147,"column":77},"end":{"line":150,"column":10}},"skip":true},"11":{"name":"(anonymous_11)","line":158,"loc":{"start":{"line":158,"column":83},"end":{"line":161,"column":10}},"skip":true},"12":{"name":"(anonymous_12)","line":169,"loc":{"start":{"line":169,"column":79},"end":{"line":172,"column":10}},"skip":true},"13":{"name":"(anonymous_13)","line":180,"loc":{"start":{"line":180,"column":75},"end":{"line":183,"column":10}},"skip":true}},"statementMap":{"1":{"start":{"line":12,"column":0},"end":{"line":195,"column":5}},"2":{"start":{"line":14,"column":4},"end":{"line":14,"column":14}},"3":{"start":{"line":19,"column":4},"end":{"line":56,"column":9}},"4":{"start":{"line":21,"column":8},"end":{"line":21,"column":19}},"5":{"start":{"line":23,"column":8},"end":{"line":35,"column":13}},"6":{"start":{"line":24,"column":12},"end":{"line":34,"column":13}},"7":{"start":{"line":25,"column":16},"end":{"line":28,"column":30}},"8":{"start":{"line":30,"column":16},"end":{"line":33,"column":27}},"9":{"start":{"line":37,"column":8},"end":{"line":39,"column":21}},"10":{"start":{"line":40,"column":8},"end":{"line":53,"column":9}},"11":{"start":{"line":43,"column":12},"end":{"line":46,"column":14}},"12":{"start":{"line":47,"column":12},"end":{"line":47,"column":18}},"13":{"start":{"line":50,"column":12},"end":{"line":51,"column":46}},"14":{"start":{"line":52,"column":12},"end":{"line":52,"column":18}},"15":{"start":{"line":55,"column":8},"end":{"line":55,"column":35}},"16":{"start":{"line":61,"column":4},"end":{"line":63,"column":9}},"17":{"start":{"line":62,"column":8},"end":{"line":62,"column":15}},"18":{"start":{"line":64,"column":4},"end":{"line":77,"column":5}},"19":{"start":{"line":70,"column":8},"end":{"line":70,"column":14}},"20":{"start":{"line":76,"column":8},"end":{"line":76,"column":14}},"21":{"start":{"line":82,"column":4},"end":{"line":84,"column":9}},"22":{"start":{"line":83,"column":8},"end":{"line":83,"column":15}},"23":{"start":{"line":85,"column":4},"end":{"line":194,"column":5}},"24":{"start":{"line":91,"column":8},"end":{"line":99,"column":10}},"25":{"start":{"line":98,"column":12},"end":{"line":98,"column":35}},"26":{"start":{"line":102,"column":8},"end":{"line":104,"column":63}},"27":{"start":{"line":105,"column":8},"end":{"line":105,"column":14}},"28":{"start":{"line":112,"column":8},"end":{"line":121,"column":10},"skip":true},"29":{"start":{"line":119,"column":12},"end":{"line":119,"column":55},"skip":true},"30":{"start":{"line":120,"column":12},"end":{"line":120,"column":48},"skip":true},"31":{"start":{"line":123,"column":8},"end":{"line":136,"column":10},"skip":true},"32":{"start":{"line":130,"column":12},"end":{"line":130,"column":76},"skip":true},"33":{"start":{"line":131,"column":12},"end":{"line":131,"column":73},"skip":true},"34":{"start":{"line":132,"column":12},"end":{"line":132,"column":74},"skip":true},"35":{"start":{"line":133,"column":12},"end":{"line":133,"column":79},"skip":true},"36":{"start":{"line":134,"column":12},"end":{"line":134,"column":25},"skip":true},"37":{"start":{"line":135,"column":12},"end":{"line":135,"column":45},"skip":true},"38":{"start":{"line":138,"column":8},"end":{"line":145,"column":14},"skip":true},"39":{"start":{"line":143,"column":16},"end":{"line":143,"column":29},"skip":true},"40":{"start":{"line":144,"column":16},"end":{"line":144,"column":55},"skip":true},"41":{"start":{"line":147,"column":8},"end":{"line":156,"column":10},"skip":true},"42":{"start":{"line":154,"column":12},"end":{"line":154,"column":25},"skip":true},"43":{"start":{"line":155,"column":12},"end":{"line":155,"column":45},"skip":true},"44":{"start":{"line":158,"column":8},"end":{"line":167,"column":10},"skip":true},"45":{"start":{"line":165,"column":12},"end":{"line":165,"column":25},"skip":true},"46":{"start":{"line":166,"column":12},"end":{"line":166,"column":48},"skip":true},"47":{"start":{"line":169,"column":8},"end":{"line":178,"column":10},"skip":true},"48":{"start":{"line":176,"column":12},"end":{"line":176,"column":25},"skip":true},"49":{"start":{"line":177,"column":12},"end":{"line":177,"column":46},"skip":true},"50":{"start":{"line":180,"column":8},"end":{"line":189,"column":10},"skip":true},"51":{"start":{"line":187,"column":12},"end":{"line":187,"column":94},"skip":true},"52":{"start":{"line":188,"column":12},"end":{"line":188,"column":48},"skip":true},"53":{"start":{"line":192,"column":8},"end":{"line":192,"column":35},"skip":true},"54":{"start":{"line":193,"column":8},"end":{"line":193,"column":14},"skip":true}},"branchMap":{"1":{"line":25,"type":"binary-expr","locations":[{"start":{"line":25,"column":23},"end":{"line":25,"column":62}},{"start":{"line":26,"column":20},"end":{"line":26,"column":70}},{"start":{"line":27,"column":20},"end":{"line":27,"column":71}},{"start":{"line":28,"column":20},"end":{"line":28,"column":29}}]},"2":{"line":30,"type":"binary-expr","locations":[{"start":{"line":30,"column":23},"end":{"line":30,"column":37}},{"start":{"line":31,"column":20},"end":{"line":31,"column":61}},{"start":{"line":32,"column":20},"end":{"line":32,"column":70}},{"start":{"line":33,"column":20},"end":{"line":33,"column":26}}]},"3":{"line":37,"type":"cond-expr","locations":[{"start":{"line":38,"column":14},"end":{"line":38,"column":20}},{"start":{"line":39,"column":14},"end":{"line":39,"column":20}}]},"4":{"line":40,"type":"switch","locations":[{"start":{"line":42,"column":8},"end":{"line":47,"column":18}},{"start":{"line":49,"column":8},"end":{"line":52,"column":18}}]},"5":{"line":44,"type":"binary-expr","locations":[{"start":{"line":44,"column":16},"end":{"line":44,"column":44}},{"start":{"line":44,"column":48},"end":{"line":44,"column":66}}]},"6":{"line":50,"type":"binary-expr","locations":[{"start":{"line":50,"column":21},"end":{"line":50,"column":49}},{"start":{"line":50,"column":53},"end":{"line":50,"column":72}}]},"7":{"line":64,"type":"switch","locations":[{"start":{"line":69,"column":4},"end":{"line":70,"column":14}},{"start":{"line":75,"column":4},"end":{"line":76,"column":14}}]},"8":{"line":85,"type":"switch","locations":[{"start":{"line":90,"column":4},"end":{"line":105,"column":14}},{"start":{"line":111,"column":4},"end":{"line":193,"column":14},"skip":true}]},"9":{"line":91,"type":"binary-expr","locations":[{"start":{"line":91,"column":42},"end":{"line":91,"column":73}},{"start":{"line":91,"column":77},"end":{"line":99,"column":9}}]},"10":{"line":102,"type":"binary-expr","locations":[{"start":{"line":102,"column":18},"end":{"line":102,"column":32}},{"start":{"line":103,"column":12},"end":{"line":103,"column":53}},{"start":{"line":104,"column":12},"end":{"line":104,"column":61}}]},"11":{"line":112,"type":"binary-expr","locations":[{"start":{"line":112,"column":45},"end":{"line":112,"column":79},"skip":true},{"start":{"line":112,"column":83},"end":{"line":121,"column":9},"skip":true}]},"12":{"line":123,"type":"binary-expr","locations":[{"start":{"line":123,"column":42},"end":{"line":123,"column":73},"skip":true},{"start":{"line":123,"column":77},"end":{"line":136,"column":9},"skip":true}]},"13":{"line":138,"type":"binary-expr","locations":[{"start":{"line":138,"column":48},"end":{"line":138,"column":85},"skip":true},{"start":{"line":139,"column":12},"end":{"line":145,"column":13},"skip":true}]},"14":{"line":147,"type":"binary-expr","locations":[{"start":{"line":147,"column":42},"end":{"line":147,"column":73},"skip":true},{"start":{"line":147,"column":77},"end":{"line":156,"column":9},"skip":true}]},"15":{"line":158,"type":"binary-expr","locations":[{"start":{"line":158,"column":45},"end":{"line":158,"column":79},"skip":true},{"start":{"line":158,"column":83},"end":{"line":167,"column":9},"skip":true}]},"16":{"line":169,"type":"binary-expr","locations":[{"start":{"line":169,"column":43},"end":{"line":169,"column":75},"skip":true},{"start":{"line":169,"column":79},"end":{"line":178,"column":9},"skip":true}]},"17":{"line":180,"type":"binary-expr","locations":[{"start":{"line":180,"column":41},"end":{"line":180,"column":71},"skip":true},{"start":{"line":180,"column":75},"end":{"line":189,"column":9},"skip":true}]}},"code":["/* istanbul instrument in package npmtest_graphlib */","/*jslint","    bitwise: true,","    browser: true,","    maxerr: 8,","    maxlen: 96,","    node: true,","    nomen: true,","    regexp: true,","    stupid: true","*/","(function () {","    'use strict';","    var local;","","","","    // run shared js-env code - pre-init","    (function () {","        // init local","        local = {};","        // init modeJs","        local.modeJs = (function () {","            try {","                return typeof navigator.userAgent === 'string' &&","                    typeof document.querySelector('body') === 'object' &&","                    typeof XMLHttpRequest.prototype.open === 'function' &&","                    'browser';","            } catch (errorCaughtBrowser) {","                return module.exports &&","                    typeof process.versions.node === 'string' &&","                    typeof require('http').createServer === 'function' &&","                    'node';","            }","        }());","        // init global","        local.global = local.modeJs === 'browser'","            ? window","            : global;","        switch (local.modeJs) {","        // re-init local from window.local","        case 'browser':","            local = local.global.utility2.objectSetDefault(","                local.global.utility2_rollup || local.global.local,","                local.global.utility2","            );","            break;","        // re-init local from example.js","        case 'node':","            local = (local.global.utility2_rollup || require('utility2'))","                .requireExampleJsFromReadme();","            break;","        }","        // export local","        local.global.local = local;","    }());","","","","    // run shared js-env code - function","    (function () {","        return;","    }());","    switch (local.modeJs) {","","","","    // run browser js-env code - function","    case 'browser':","        break;","","","","    // run node js-env code - function","    case 'node':","        break;","    }","","","","    // run shared js-env code - post-init","    (function () {","        return;","    }());","    switch (local.modeJs) {","","","","    // run browser js-env code - post-init","    case 'browser':","        local.testCase_browser_nullCase = local.testCase_browser_nullCase || function (","            options,","            onError","        ) {","        /*","         * this function will test browsers's null-case handling-behavior-behavior","         */","            onError(null, options);","        };","","        // run tests","        local.nop(local.modeTest &&","            document.querySelector('#testRunButton1') &&","            document.querySelector('#testRunButton1').click());","        break;","","","","    // run node js-env code - post-init","    /* istanbul ignore next */","    case 'node':","        local.testCase_buildApidoc_default = local.testCase_buildApidoc_default || function (","            options,","            onError","        ) {","        /*","         * this function will test buildApidoc's default handling-behavior-behavior","         */","            options = { modulePathList: module.paths };","            local.buildApidoc(options, onError);","        };","","        local.testCase_buildApp_default = local.testCase_buildApp_default || function (","            options,","            onError","        ) {","        /*","         * this function will test buildApp's default handling-behavior-behavior","         */","            local.testCase_buildReadme_default(options, local.onErrorThrow);","            local.testCase_buildLib_default(options, local.onErrorThrow);","            local.testCase_buildTest_default(options, local.onErrorThrow);","            local.testCase_buildCustomOrg_default(options, local.onErrorThrow);","            options = [];","            local.buildApp(options, onError);","        };","","        local.testCase_buildCustomOrg_default = local.testCase_buildCustomOrg_default ||","            function (options, onError) {","            /*","             * this function will test buildCustomOrg's default handling-behavior","             */","                options = {};","                local.buildCustomOrg(options, onError);","            };","","        local.testCase_buildLib_default = local.testCase_buildLib_default || function (","            options,","            onError","        ) {","        /*","         * this function will test buildLib's default handling-behavior","         */","            options = {};","            local.buildLib(options, onError);","        };","","        local.testCase_buildReadme_default = local.testCase_buildReadme_default || function (","            options,","            onError","        ) {","        /*","         * this function will test buildReadme's default handling-behavior-behavior","         */","            options = {};","            local.buildReadme(options, onError);","        };","","        local.testCase_buildTest_default = local.testCase_buildTest_default || function (","            options,","            onError","        ) {","        /*","         * this function will test buildTest's default handling-behavior","         */","            options = {};","            local.buildTest(options, onError);","        };","","        local.testCase_webpage_default = local.testCase_webpage_default || function (","            options,","            onError","        ) {","        /*","         * this function will test webpage's default handling-behavior","         */","            options = { modeCoverageMerge: true, url: local.serverLocalHost + '?modeTest=1' };","            local.browserTest(options, onError);","        };","","        // run test-server","        local.testRunServer(local);","        break;","    }","}());",""],"l":{"12":2,"14":2,"19":2,"21":2,"23":2,"24":2,"25":2,"30":1,"37":2,"40":2,"43":1,"47":1,"50":1,"52":1,"55":2,"61":2,"62":2,"64":2,"70":1,"76":1,"82":2,"83":2,"85":2,"91":1,"98":1,"102":1,"105":1,"112":1,"119":1,"120":1,"123":1,"130":1,"131":1,"132":1,"133":1,"134":1,"135":1,"138":1,"143":2,"144":2,"147":1,"154":2,"155":2,"158":1,"165":2,"166":2,"169":1,"176":2,"177":2,"180":1,"187":1,"188":1,"192":1,"193":1}},"/home/travis/build/npmtest/node-npmtest-graphlib/lib.npmtest_graphlib.js":{"path":"/home/travis/build/npmtest/node-npmtest-graphlib/lib.npmtest_graphlib.js","s":{"1":2,"2":2,"3":2,"4":2,"5":2,"6":2,"7":2,"8":1,"9":2,"10":2,"11":2,"12":2,"13":1,"14":1,"15":1,"16":1},"b":{"1":[2,1,1,1],"2":[1,1,1,1],"3":[1,1],"4":[2,2],"5":[1,1]},"f":{"1":2,"2":2,"3":2},"fnMap":{"1":{"name":"(anonymous_1)","line":12,"loc":{"start":{"line":12,"column":1},"end":{"line":12,"column":13}}},"2":{"name":"(anonymous_2)","line":19,"loc":{"start":{"line":19,"column":5},"end":{"line":19,"column":17}}},"3":{"name":"(anonymous_3)","line":23,"loc":{"start":{"line":23,"column":24},"end":{"line":23,"column":36}}}},"statementMap":{"1":{"start":{"line":12,"column":0},"end":{"line":53,"column":5}},"2":{"start":{"line":14,"column":4},"end":{"line":14,"column":14}},"3":{"start":{"line":19,"column":4},"end":{"line":52,"column":9}},"4":{"start":{"line":21,"column":8},"end":{"line":21,"column":19}},"5":{"start":{"line":23,"column":8},"end":{"line":35,"column":13}},"6":{"start":{"line":24,"column":12},"end":{"line":34,"column":13}},"7":{"start":{"line":25,"column":16},"end":{"line":28,"column":30}},"8":{"start":{"line":30,"column":16},"end":{"line":33,"column":27}},"9":{"start":{"line":37,"column":8},"end":{"line":39,"column":21}},"10":{"start":{"line":41,"column":8},"end":{"line":41,"column":54}},"11":{"start":{"line":43,"column":8},"end":{"line":43,"column":53}},"12":{"start":{"line":45,"column":8},"end":{"line":51,"column":9}},"13":{"start":{"line":46,"column":12},"end":{"line":46,"column":59}},"14":{"start":{"line":48,"column":12},"end":{"line":48,"column":35}},"15":{"start":{"line":49,"column":12},"end":{"line":49,"column":49}},"16":{"start":{"line":50,"column":12},"end":{"line":50,"column":43}}},"branchMap":{"1":{"line":25,"type":"binary-expr","locations":[{"start":{"line":25,"column":23},"end":{"line":25,"column":62}},{"start":{"line":26,"column":20},"end":{"line":26,"column":70}},{"start":{"line":27,"column":20},"end":{"line":27,"column":71}},{"start":{"line":28,"column":20},"end":{"line":28,"column":29}}]},"2":{"line":30,"type":"binary-expr","locations":[{"start":{"line":30,"column":23},"end":{"line":30,"column":37}},{"start":{"line":31,"column":20},"end":{"line":31,"column":61}},{"start":{"line":32,"column":20},"end":{"line":32,"column":70}},{"start":{"line":33,"column":20},"end":{"line":33,"column":26}}]},"3":{"line":37,"type":"cond-expr","locations":[{"start":{"line":38,"column":14},"end":{"line":38,"column":20}},{"start":{"line":39,"column":14},"end":{"line":39,"column":20}}]},"4":{"line":41,"type":"binary-expr","locations":[{"start":{"line":41,"column":16},"end":{"line":41,"column":44}},{"start":{"line":41,"column":48},"end":{"line":41,"column":53}}]},"5":{"line":45,"type":"if","locations":[{"start":{"line":45,"column":8},"end":{"line":45,"column":8}},{"start":{"line":45,"column":8},"end":{"line":45,"column":8}}]}},"code":["/* istanbul instrument in package npmtest_graphlib */","/*jslint","    bitwise: true,","    browser: true,","    maxerr: 8,","    maxlen: 96,","    node: true,","    nomen: true,","    regexp: true,","    stupid: true","*/","(function () {","    'use strict';","    var local;","","","","    // run shared js-env code - pre-init","    (function () {","        // init local","        local = {};","        // init modeJs","        local.modeJs = (function () {","            try {","                return typeof navigator.userAgent === 'string' &&","                    typeof document.querySelector('body') === 'object' &&","                    typeof XMLHttpRequest.prototype.open === 'function' &&","                    'browser';","            } catch (errorCaughtBrowser) {","                return module.exports &&","                    typeof process.versions.node === 'string' &&","                    typeof require('http').createServer === 'function' &&","                    'node';","            }","        }());","        // init global","        local.global = local.modeJs === 'browser'","            ? window","            : global;","        // init utility2_rollup","        local = local.global.utility2_rollup || local;","        // init lib","        local.local = local.npmtest_graphlib = local;","        // init exports","        if (local.modeJs === 'browser') {","            local.global.utility2_npmtest_graphlib = local;","        } else {","            module.exports = local;","            module.exports.__dirname = __dirname;","            module.exports.module = module;","        }","    }());","}());",""],"l":{"12":2,"14":2,"19":2,"21":2,"23":2,"24":2,"25":2,"30":1,"37":2,"41":2,"43":2,"45":2,"46":1,"48":1,"49":1,"50":1}},"/home/travis/build/npmtest/node-npmtest-graphlib/example.js":{"path":"/home/travis/build/npmtest/node-npmtest-graphlib/example.js","s":{"1":2,"2":2,"3":2,"4":2,"5":2,"6":2,"7":2,"8":1,"9":2,"10":2,"11":2,"12":2,"13":1,"14":2,"15":2,"16":2,"17":2,"18":2,"19":0,"20":2,"21":1,"22":1,"23":1,"24":1,"25":1,"26":0,"27":0,"28":1,"29":1,"30":2,"31":0,"32":0,"33":0,"34":1,"35":2,"36":2,"37":3,"38":3,"39":3,"40":3,"41":0,"42":3,"43":3,"44":3,"45":1,"46":3,"47":1,"48":1,"49":1,"50":1,"51":1,"52":1,"53":1,"54":1,"55":1,"56":1,"57":0,"58":1,"59":6,"60":6,"61":1,"62":2,"63":0,"64":2,"65":1,"66":1,"67":0,"68":0,"69":0,"70":0,"71":0,"72":0,"73":0,"74":0,"75":0,"76":0,"77":0,"78":0,"79":0,"80":0,"81":0,"82":0,"83":0},"b":{"1":[2,1,1,1],"2":[1,1,1,1],"3":[1,1],"4":[2,2],"5":[1,1],"6":[1,1],"7":[2,0],"8":[2,1,1,1,1,1],"9":[0,2,0],"10":[1,1],"11":[2,1,1],"12":[1,0],"13":[0,2],"14":[2,0,0,0,0,0,0],"15":[0,3],"16":[3,0],"17":[1,1],"18":[0,1],"19":[1,2,0,2],"20":[1,0],"21":[1,1],"22":[0,0],"23":[0,0],"24":[0,0],"25":[0,0],"26":[0,0],"27":[0,0],"28":[0,0]},"f":{"1":2,"2":2,"3":2,"4":2,"5":2,"6":2,"7":3,"8":3,"9":3,"10":1,"11":6,"12":0},"fnMap":{"1":{"name":"(anonymous_1)","line":26,"loc":{"start":{"line":26,"column":1},"end":{"line":26,"column":13}}},"2":{"name":"(anonymous_2)","line":33,"loc":{"start":{"line":33,"column":5},"end":{"line":33,"column":17}}},"3":{"name":"(anonymous_3)","line":37,"loc":{"start":{"line":37,"column":24},"end":{"line":37,"column":36}}},"4":{"name":"(anonymous_4)","line":69,"loc":{"start":{"line":69,"column":31},"end":{"line":69,"column":48}},"skip":true},"5":{"name":"(anonymous_5)","line":78,"loc":{"start":{"line":78,"column":26},"end":{"line":78,"column":45}},"skip":true},"6":{"name":"(anonymous_6)","line":123,"loc":{"start":{"line":123,"column":33},"end":{"line":123,"column":48}},"skip":true},"7":{"name":"(anonymous_7)","line":125,"loc":{"start":{"line":125,"column":27},"end":{"line":125,"column":39}},"skip":true},"8":{"name":"(anonymous_8)","line":133,"loc":{"start":{"line":133,"column":59},"end":{"line":133,"column":74}},"skip":true},"9":{"name":"(anonymous_9)","line":143,"loc":{"start":{"line":143,"column":45},"end":{"line":143,"column":62}},"skip":true},"10":{"name":"(anonymous_10)","line":144,"loc":{"start":{"line":144,"column":73},"end":{"line":144,"column":92}},"skip":true},"11":{"name":"(anonymous_11)","line":272,"loc":{"start":{"line":272,"column":51},"end":{"line":272,"column":77}},"skip":true},"12":{"name":"(anonymous_12)","line":315,"loc":{"start":{"line":315,"column":32},"end":{"line":315,"column":61}},"skip":true}},"statementMap":{"1":{"start":{"line":26,"column":0},"end":{"line":326,"column":5}},"2":{"start":{"line":28,"column":4},"end":{"line":28,"column":14}},"3":{"start":{"line":33,"column":4},"end":{"line":60,"column":9}},"4":{"start":{"line":35,"column":8},"end":{"line":35,"column":19}},"5":{"start":{"line":37,"column":8},"end":{"line":49,"column":13}},"6":{"start":{"line":38,"column":12},"end":{"line":48,"column":13}},"7":{"start":{"line":39,"column":16},"end":{"line":42,"column":30}},"8":{"start":{"line":44,"column":16},"end":{"line":47,"column":27}},"9":{"start":{"line":51,"column":8},"end":{"line":53,"column":21}},"10":{"start":{"line":55,"column":8},"end":{"line":57,"column":45}},"11":{"start":{"line":59,"column":8},"end":{"line":59,"column":35}},"12":{"start":{"line":61,"column":4},"end":{"line":325,"column":5}},"13":{"start":{"line":69,"column":8},"end":{"line":121,"column":10},"skip":true},"14":{"start":{"line":70,"column":12},"end":{"line":88,"column":13},"skip":true},"15":{"start":{"line":76,"column":16},"end":{"line":87,"column":19},"skip":true},"16":{"start":{"line":79,"column":20},"end":{"line":86,"column":21},"skip":true},"17":{"start":{"line":82,"column":24},"end":{"line":82,"column":43},"skip":true},"18":{"start":{"line":83,"column":24},"end":{"line":83,"column":30},"skip":true},"19":{"start":{"line":85,"column":24},"end":{"line":85,"column":49},"skip":true},"20":{"start":{"line":89,"column":12},"end":{"line":107,"column":13},"skip":true},"21":{"start":{"line":92,"column":16},"end":{"line":102,"column":17},"skip":true},"22":{"start":{"line":93,"column":20},"end":{"line":93,"column":86},"skip":true},"23":{"start":{"line":94,"column":20},"end":{"line":95,"column":45},"skip":true},"24":{"start":{"line":96,"column":20},"end":{"line":96,"column":42},"skip":true},"25":{"start":{"line":97,"column":20},"end":{"line":97,"column":48},"skip":true},"26":{"start":{"line":100,"column":20},"end":{"line":100,"column":85},"skip":true},"27":{"start":{"line":101,"column":20},"end":{"line":101,"column":96},"skip":true},"28":{"start":{"line":103,"column":16},"end":{"line":103,"column":22},"skip":true},"29":{"start":{"line":106,"column":16},"end":{"line":106,"column":22},"skip":true},"30":{"start":{"line":108,"column":12},"end":{"line":120,"column":13},"skip":true},"31":{"start":{"line":114,"column":16},"end":{"line":119,"column":17},"skip":true},"32":{"start":{"line":116,"column":20},"end":{"line":116,"column":78},"skip":true},"33":{"start":{"line":118,"column":20},"end":{"line":118,"column":47},"skip":true},"34":{"start":{"line":123,"column":8},"end":{"line":141,"column":11},"skip":true},"35":{"start":{"line":124,"column":12},"end":{"line":124,"column":54},"skip":true},"36":{"start":{"line":125,"column":12},"end":{"line":140,"column":14},"skip":true},"37":{"start":{"line":126,"column":16},"end":{"line":126,"column":28},"skip":true},"38":{"start":{"line":127,"column":16},"end":{"line":127,"column":69},"skip":true},"39":{"start":{"line":128,"column":16},"end":{"line":128,"column":75},"skip":true},"40":{"start":{"line":129,"column":16},"end":{"line":131,"column":17},"skip":true},"41":{"start":{"line":130,"column":20},"end":{"line":130,"column":27},"skip":true},"42":{"start":{"line":133,"column":16},"end":{"line":137,"column":36},"skip":true},"43":{"start":{"line":134,"column":20},"end":{"line":136,"column":55},"skip":true},"44":{"start":{"line":139,"column":16},"end":{"line":139,"column":57},"skip":true},"45":{"start":{"line":143,"column":8},"end":{"line":147,"column":11},"skip":true},"46":{"start":{"line":144,"column":12},"end":{"line":146,"column":15},"skip":true},"47":{"start":{"line":145,"column":16},"end":{"line":145,"column":70},"skip":true},"48":{"start":{"line":149,"column":8},"end":{"line":149,"column":31},"skip":true},"49":{"start":{"line":150,"column":8},"end":{"line":150,"column":14},"skip":true},"50":{"start":{"line":158,"column":8},"end":{"line":158,"column":31},"skip":true},"51":{"start":{"line":160,"column":8},"end":{"line":160,"column":33},"skip":true},"52":{"start":{"line":161,"column":8},"end":{"line":161,"column":37},"skip":true},"53":{"start":{"line":162,"column":8},"end":{"line":162,"column":35},"skip":true},"54":{"start":{"line":164,"column":8},"end":{"line":164,"column":50},"skip":true},"55":{"start":{"line":166,"column":8},"end":{"line":256,"column":2},"skip":true},"56":{"start":{"line":258,"column":8},"end":{"line":286,"column":9},"skip":true},"57":{"start":{"line":259,"column":12},"end":{"line":269,"column":14},"skip":true},"58":{"start":{"line":271,"column":12},"end":{"line":285,"column":19},"skip":true},"59":{"start":{"line":274,"column":20},"end":{"line":274,"column":35},"skip":true},"60":{"start":{"line":275,"column":20},"end":{"line":284,"column":21},"skip":true},"61":{"start":{"line":277,"column":24},"end":{"line":277,"column":64},"skip":true},"62":{"start":{"line":279,"column":24},"end":{"line":279,"column":40},"skip":true},"63":{"start":{"line":281,"column":24},"end":{"line":281,"column":40},"skip":true},"64":{"start":{"line":283,"column":24},"end":{"line":283,"column":39},"skip":true},"65":{"start":{"line":288,"column":8},"end":{"line":290,"column":9},"skip":true},"66":{"start":{"line":289,"column":12},"end":{"line":289,"column":18},"skip":true},"67":{"start":{"line":291,"column":8},"end":{"line":293,"column":54},"skip":true},"68":{"start":{"line":296,"column":8},"end":{"line":301,"column":37},"skip":true},"69":{"start":{"line":303,"column":8},"end":{"line":303,"column":82},"skip":true},"70":{"start":{"line":306,"column":8},"end":{"line":308,"column":9},"skip":true},"71":{"start":{"line":307,"column":12},"end":{"line":307,"column":82},"skip":true},"72":{"start":{"line":310,"column":8},"end":{"line":312,"column":9},"skip":true},"73":{"start":{"line":311,"column":12},"end":{"line":311,"column":18},"skip":true},"74":{"start":{"line":313,"column":8},"end":{"line":313,"column":54},"skip":true},"75":{"start":{"line":314,"column":8},"end":{"line":314,"column":69},"skip":true},"76":{"start":{"line":315,"column":8},"end":{"line":323,"column":36},"skip":true},"77":{"start":{"line":316,"column":12},"end":{"line":316,"column":61},"skip":true},"78":{"start":{"line":317,"column":12},"end":{"line":320,"column":13},"skip":true},"79":{"start":{"line":318,"column":16},"end":{"line":318,"column":75},"skip":true},"80":{"start":{"line":319,"column":16},"end":{"line":319,"column":23},"skip":true},"81":{"start":{"line":321,"column":12},"end":{"line":321,"column":38},"skip":true},"82":{"start":{"line":322,"column":12},"end":{"line":322,"column":27},"skip":true},"83":{"start":{"line":324,"column":8},"end":{"line":324,"column":14},"skip":true}},"branchMap":{"1":{"line":39,"type":"binary-expr","locations":[{"start":{"line":39,"column":23},"end":{"line":39,"column":62}},{"start":{"line":40,"column":20},"end":{"line":40,"column":70}},{"start":{"line":41,"column":20},"end":{"line":41,"column":71}},{"start":{"line":42,"column":20},"end":{"line":42,"column":29}}]},"2":{"line":44,"type":"binary-expr","locations":[{"start":{"line":44,"column":23},"end":{"line":44,"column":37}},{"start":{"line":45,"column":20},"end":{"line":45,"column":61}},{"start":{"line":46,"column":20},"end":{"line":46,"column":70}},{"start":{"line":47,"column":20},"end":{"line":47,"column":26}}]},"3":{"line":51,"type":"cond-expr","locations":[{"start":{"line":52,"column":14},"end":{"line":52,"column":20}},{"start":{"line":53,"column":14},"end":{"line":53,"column":20}}]},"4":{"line":55,"type":"binary-expr","locations":[{"start":{"line":55,"column":16},"end":{"line":55,"column":44}},{"start":{"line":55,"column":49},"end":{"line":57,"column":43}}]},"5":{"line":55,"type":"cond-expr","locations":[{"start":{"line":56,"column":14},"end":{"line":56,"column":52}},{"start":{"line":57,"column":14},"end":{"line":57,"column":43}}]},"6":{"line":61,"type":"switch","locations":[{"start":{"line":68,"column":4},"end":{"line":150,"column":14},"skip":true},{"start":{"line":156,"column":4},"end":{"line":324,"column":14},"skip":true}]},"7":{"line":70,"type":"if","locations":[{"start":{"line":70,"column":12},"end":{"line":70,"column":12},"skip":true},{"start":{"line":70,"column":12},"end":{"line":70,"column":12},"skip":true}]},"8":{"line":70,"type":"binary-expr","locations":[{"start":{"line":70,"column":16},"end":{"line":70,"column":22},"skip":true},{"start":{"line":70,"column":27},"end":{"line":70,"column":32},"skip":true},{"start":{"line":71,"column":20},"end":{"line":71,"column":39},"skip":true},{"start":{"line":72,"column":20},"end":{"line":72,"column":49},"skip":true},{"start":{"line":73,"column":20},"end":{"line":73,"column":58},"skip":true},{"start":{"line":74,"column":20},"end":{"line":74,"column":69},"skip":true}]},"9":{"line":79,"type":"switch","locations":[{"start":{"line":80,"column":20},"end":{"line":80,"column":33},"skip":true},{"start":{"line":81,"column":20},"end":{"line":83,"column":30},"skip":true},{"start":{"line":84,"column":20},"end":{"line":85,"column":49},"skip":true}]},"10":{"line":89,"type":"switch","locations":[{"start":{"line":90,"column":12},"end":{"line":103,"column":22},"skip":true},{"start":{"line":105,"column":12},"end":{"line":106,"column":22},"skip":true}]},"11":{"line":89,"type":"binary-expr","locations":[{"start":{"line":89,"column":20},"end":{"line":89,"column":25},"skip":true},{"start":{"line":89,"column":29},"end":{"line":89,"column":48},"skip":true},{"start":{"line":89,"column":52},"end":{"line":89,"column":74},"skip":true}]},"12":{"line":92,"type":"if","locations":[{"start":{"line":92,"column":16},"end":{"line":92,"column":16},"skip":true},{"start":{"line":92,"column":16},"end":{"line":92,"column":16},"skip":true}]},"13":{"line":108,"type":"if","locations":[{"start":{"line":108,"column":12},"end":{"line":108,"column":12},"skip":true},{"start":{"line":108,"column":12},"end":{"line":108,"column":12},"skip":true}]},"14":{"line":108,"type":"binary-expr","locations":[{"start":{"line":108,"column":16},"end":{"line":108,"column":61},"skip":true},{"start":{"line":108,"column":66},"end":{"line":108,"column":72},"skip":true},{"start":{"line":108,"column":77},"end":{"line":108,"column":82},"skip":true},{"start":{"line":109,"column":20},"end":{"line":109,"column":39},"skip":true},{"start":{"line":110,"column":20},"end":{"line":110,"column":49},"skip":true},{"start":{"line":111,"column":20},"end":{"line":111,"column":58},"skip":true},{"start":{"line":112,"column":20},"end":{"line":112,"column":68},"skip":true}]},"15":{"line":129,"type":"if","locations":[{"start":{"line":129,"column":16},"end":{"line":129,"column":16},"skip":true},{"start":{"line":129,"column":16},"end":{"line":129,"column":16},"skip":true}]},"16":{"line":134,"type":"cond-expr","locations":[{"start":{"line":135,"column":26},"end":{"line":135,"column":29},"skip":true},{"start":{"line":136,"column":26},"end":{"line":136,"column":54},"skip":true}]},"17":{"line":164,"type":"binary-expr","locations":[{"start":{"line":164,"column":27},"end":{"line":164,"column":43},"skip":true},{"start":{"line":164,"column":47},"end":{"line":164,"column":49},"skip":true}]},"18":{"line":258,"type":"if","locations":[{"start":{"line":258,"column":8},"end":{"line":258,"column":8},"skip":true},{"start":{"line":258,"column":8},"end":{"line":258,"column":8},"skip":true}]},"19":{"line":275,"type":"switch","locations":[{"start":{"line":276,"column":20},"end":{"line":277,"column":64},"skip":true},{"start":{"line":278,"column":20},"end":{"line":279,"column":40},"skip":true},{"start":{"line":280,"column":20},"end":{"line":281,"column":40},"skip":true},{"start":{"line":282,"column":20},"end":{"line":283,"column":39},"skip":true}]},"20":{"line":288,"type":"if","locations":[{"start":{"line":288,"column":8},"end":{"line":288,"column":8},"skip":true},{"start":{"line":288,"column":8},"end":{"line":288,"column":8},"skip":true}]},"21":{"line":288,"type":"binary-expr","locations":[{"start":{"line":288,"column":12},"end":{"line":288,"column":40},"skip":true},{"start":{"line":288,"column":44},"end":{"line":288,"column":67},"skip":true}]},"22":{"line":292,"type":"binary-expr","locations":[{"start":{"line":292,"column":12},"end":{"line":292,"column":50},"skip":true},{"start":{"line":293,"column":12},"end":{"line":293,"column":53},"skip":true}]},"23":{"line":297,"type":"binary-expr","locations":[{"start":{"line":297,"column":12},"end":{"line":297,"column":66},"skip":true},{"start":{"line":298,"column":12},"end":{"line":301,"column":36},"skip":true}]},"24":{"line":303,"type":"binary-expr","locations":[{"start":{"line":303,"column":43},"end":{"line":303,"column":75},"skip":true},{"start":{"line":303,"column":79},"end":{"line":303,"column":81},"skip":true}]},"25":{"line":306,"type":"if","locations":[{"start":{"line":306,"column":8},"end":{"line":306,"column":8},"skip":true},{"start":{"line":306,"column":8},"end":{"line":306,"column":8},"skip":true}]},"26":{"line":310,"type":"if","locations":[{"start":{"line":310,"column":8},"end":{"line":310,"column":8},"skip":true},{"start":{"line":310,"column":8},"end":{"line":310,"column":8},"skip":true}]},"27":{"line":313,"type":"binary-expr","locations":[{"start":{"line":313,"column":27},"end":{"line":313,"column":43},"skip":true},{"start":{"line":313,"column":47},"end":{"line":313,"column":53},"skip":true}]},"28":{"line":317,"type":"if","locations":[{"start":{"line":317,"column":12},"end":{"line":317,"column":12},"skip":true},{"start":{"line":317,"column":12},"end":{"line":317,"column":12},"skip":true}]}},"code":["/*","example.js","","quickstart example","","instruction","    1. save this script as example.js","    2. run the shell command:","        $ npm install npmtest-graphlib && PORT=8081 node example.js","    3. play with the browser-demo on http://127.0.0.1:8081","*/","","","","/* istanbul instrument in package npmtest_graphlib */","/*jslint","    bitwise: true,","    browser: true,","    maxerr: 8,","    maxlen: 96,","    node: true,","    nomen: true,","    regexp: true,","    stupid: true","*/","(function () {","    'use strict';","    var local;","","","","    // run shared js-env code - pre-init","    (function () {","        // init local","        local = {};","        // init modeJs","        local.modeJs = (function () {","            try {","                return typeof navigator.userAgent === 'string' &&","                    typeof document.querySelector('body') === 'object' &&","                    typeof XMLHttpRequest.prototype.open === 'function' &&","                    'browser';","            } catch (errorCaughtBrowser) {","                return module.exports &&","                    typeof process.versions.node === 'string' &&","                    typeof require('http').createServer === 'function' &&","                    'node';","            }","        }());","        // init global","        local.global = local.modeJs === 'browser'","            ? window","            : global;","        // init utility2_rollup","        local = local.global.utility2_rollup || (local.modeJs === 'browser'","            ? local.global.utility2_npmtest_graphlib","            : global.utility2_moduleExports);","        // export local","        local.global.local = local;","    }());","    switch (local.modeJs) {","","","","    // post-init","    // run browser js-env code - post-init","    /* istanbul ignore next */","    case 'browser':","        local.testRunBrowser = function (event) {","            if (!event || (event &&","                    event.currentTarget &&","                    event.currentTarget.className &&","                    event.currentTarget.className.includes &&","                    event.currentTarget.className.includes('onreset'))) {","                // reset output","                Array.from(","                    document.querySelectorAll('body > .resettable')","                ).forEach(function (element) {","                    switch (element.tagName) {","                    case 'INPUT':","                    case 'TEXTAREA':","                        element.value = '';","                        break;","                    default:","                        element.textContent = '';","                    }","                });","            }","            switch (event && event.currentTarget && event.currentTarget.id) {","            case 'testRunButton1':","                // show tests","                if (document.querySelector('#testReportDiv1').style.display === 'none') {","                    document.querySelector('#testReportDiv1').style.display = 'block';","                    document.querySelector('#testRunButton1').textContent =","                        'hide internal test';","                    local.modeTest = true;","                    local.testRunDefault(local);","                // hide tests","                } else {","                    document.querySelector('#testReportDiv1').style.display = 'none';","                    document.querySelector('#testRunButton1').textContent = 'run internal test';","                }","                break;","            // custom-case","            default:","                break;","            }","            if (document.querySelector('#inputTextareaEval1') && (!event || (event &&","                    event.currentTarget &&","                    event.currentTarget.className &&","                    event.currentTarget.className.includes &&","                    event.currentTarget.className.includes('oneval')))) {","                // try to eval input-code","                try {","                    /*jslint evil: true*/","                    eval(document.querySelector('#inputTextareaEval1').value);","                } catch (errorCaught) {","                    console.error(errorCaught);","                }","            }","        };","        // log stderr and stdout to #outputTextareaStdout1","        ['error', 'log'].forEach(function (key) {","            console[key + '_original'] = console[key];","            console[key] = function () {","                var element;","                console[key + '_original'].apply(console, arguments);","                element = document.querySelector('#outputTextareaStdout1');","                if (!element) {","                    return;","                }","                // append text to #outputTextareaStdout1","                element.value += Array.from(arguments).map(function (arg) {","                    return typeof arg === 'string'","                        ? arg","                        : JSON.stringify(arg, null, 4);","                }).join(' ') + '\\n';","                // scroll textarea to bottom","                element.scrollTop = element.scrollHeight;","            };","        });","        // init event-handling","        ['change', 'click', 'keyup'].forEach(function (event) {","            Array.from(document.querySelectorAll('.on' + event)).forEach(function (element) {","                element.addEventListener(event, local.testRunBrowser);","            });","        });","        // run tests","        local.testRunBrowser();","        break;","","","","    // run node js-env code - post-init","    /* istanbul ignore next */","    case 'node':","        // export local","        module.exports = local;","        // require modules","        local.fs = require('fs');","        local.http = require('http');","        local.url = require('url');","        // init assets","        local.assetsDict = local.assetsDict || {};","        /* jslint-ignore-begin */","        local.assetsDict['/assets.index.template.html'] = '\\","<!doctype html>\\n\\","<html lang=\"en\">\\n\\","<head>\\n\\","<meta charset=\"UTF-8\">\\n\\","<meta name=\"viewport\" content=\"width=device-width, initial-scale=1\">\\n\\","<title>{{env.npm_package_name}} (v{{env.npm_package_version}})</title>\\n\\","<style>\\n\\","/*csslint\\n\\","    box-sizing: false,\\n\\","    universal-selector: false\\n\\","*/\\n\\","* {\\n\\","    box-sizing: border-box;\\n\\","}\\n\\","body {\\n\\","    background: #dde;\\n\\","    font-family: Arial, Helvetica, sans-serif;\\n\\","    margin: 2rem;\\n\\","}\\n\\","body > * {\\n\\","    margin-bottom: 1rem;\\n\\","}\\n\\",".utility2FooterDiv {\\n\\","    margin-top: 20px;\\n\\","    text-align: center;\\n\\","}\\n\\","</style>\\n\\","<style>\\n\\","/*csslint\\n\\","*/\\n\\","textarea {\\n\\","    font-family: monospace;\\n\\","    height: 10rem;\\n\\","    width: 100%;\\n\\","}\\n\\","textarea[readonly] {\\n\\","    background: #ddd;\\n\\","}\\n\\","</style>\\n\\","</head>\\n\\","<body>\\n\\","<!-- utility2-comment\\n\\","<div id=\"ajaxProgressDiv1\" style=\"background: #d00; height: 2px; left: 0; margin: 0; padding: 0; position: fixed; top: 0; transition: background 0.5s, width 1.5s; width: 25%;\"></div>\\n\\","utility2-comment -->\\n\\","<h1>\\n\\","<!-- utility2-comment\\n\\","    <a\\n\\","        {{#if env.npm_package_homepage}}\\n\\","        href=\"{{env.npm_package_homepage}}\"\\n\\","        {{/if env.npm_package_homepage}}\\n\\","        target=\"_blank\"\\n\\","    >\\n\\","utility2-comment -->\\n\\","        {{env.npm_package_name}} (v{{env.npm_package_version}})\\n\\","<!-- utility2-comment\\n\\","    </a>\\n\\","utility2-comment -->\\n\\","</h1>\\n\\","<h3>{{env.npm_package_description}}</h3>\\n\\","<!-- utility2-comment\\n\\","<h4><a download href=\"assets.app.js\">download standalone app</a></h4>\\n\\","<button class=\"onclick onreset\" id=\"testRunButton1\">run internal test</button><br>\\n\\","<div id=\"testReportDiv1\" style=\"display: none;\"></div>\\n\\","utility2-comment -->\\n\\","\\n\\","\\n\\","\\n\\","<label>stderr and stdout</label>\\n\\","<textarea class=\"resettable\" id=\"outputTextareaStdout1\" readonly></textarea>\\n\\","<!-- utility2-comment\\n\\","{{#if isRollup}}\\n\\","<script src=\"assets.app.js\"></script>\\n\\","{{#unless isRollup}}\\n\\","utility2-comment -->\\n\\","<script src=\"assets.utility2.rollup.js\"></script>\\n\\","<script src=\"jsonp.utility2._stateInit?callback=window.utility2._stateInit\"></script>\\n\\","<script src=\"assets.npmtest_graphlib.rollup.js\"></script>\\n\\","<script src=\"assets.example.js\"></script>\\n\\","<script src=\"assets.test.js\"></script>\\n\\","<!-- utility2-comment\\n\\","{{/if isRollup}}\\n\\","utility2-comment -->\\n\\","<div class=\"utility2FooterDiv\">\\n\\","    [ this app was created with\\n\\","    <a href=\"https://github.com/kaizhu256/node-utility2\" target=\"_blank\">utility2</a>\\n\\","    ]\\n\\","</div>\\n\\","</body>\\n\\","</html>\\n\\","';","        /* jslint-ignore-end */","        if (local.templateRender) {","            local.assetsDict['/'] = local.templateRender(","                local.assetsDict['/assets.index.template.html'],","                {","                    env: local.objectSetDefault(local.env, {","                        npm_package_description: 'the greatest app in the world!',","                        npm_package_name: 'my-app',","                        npm_package_nameAlias: 'my_app',","                        npm_package_version: '0.0.1'","                    })","                }","            );","        } else {","            local.assetsDict['/'] = local.assetsDict['/assets.index.template.html']","                .replace((/\\{\\{env\\.(\\w+?)\\}\\}/g), function (match0, match1) {","                    // jslint-hack","                    String(match0);","                    switch (match1) {","                    case 'npm_package_description':","                        return 'the greatest app in the world!';","                    case 'npm_package_name':","                        return 'my-app';","                    case 'npm_package_nameAlias':","                        return 'my_app';","                    case 'npm_package_version':","                        return '0.0.1';","                    }","                });","        }","        // run the cli","        if (local.global.utility2_rollup || module !== require.main) {","            break;","        }","        local.assetsDict['/assets.example.js'] =","            local.assetsDict['/assets.example.js'] ||","            local.fs.readFileSync(__filename, 'utf8');","        // bug-workaround - long $npm_package_buildCustomOrg","        /* jslint-ignore-begin */","        local.assetsDict['/assets.npmtest_graphlib.rollup.js'] =","            local.assetsDict['/assets.npmtest_graphlib.rollup.js'] ||","            local.fs.readFileSync(","                local.npmtest_graphlib.__dirname + '/lib.npmtest_graphlib.js',","                'utf8'","            ).replace((/^#!/), '//');","        /* jslint-ignore-end */","        local.assetsDict['/favicon.ico'] = local.assetsDict['/favicon.ico'] || '';","        // if $npm_config_timeout_exit exists,","        // then exit this process after $npm_config_timeout_exit ms","        if (Number(process.env.npm_config_timeout_exit)) {","            setTimeout(process.exit, Number(process.env.npm_config_timeout_exit));","        }","        // start server","        if (local.global.utility2_serverHttp1) {","            break;","        }","        process.env.PORT = process.env.PORT || '8081';","        console.error('server starting on port ' + process.env.PORT);","        local.http.createServer(function (request, response) {","            request.urlParsed = local.url.parse(request.url);","            if (local.assetsDict[request.urlParsed.pathname] !== undefined) {","                response.end(local.assetsDict[request.urlParsed.pathname]);","                return;","            }","            response.statusCode = 404;","            response.end();","        }).listen(process.env.PORT);","        break;","    }","}());",""],"l":{"26":2,"28":2,"33":2,"35":2,"37":2,"38":2,"39":2,"44":1,"51":2,"55":2,"59":2,"61":2,"69":1,"70":2,"76":2,"79":2,"82":2,"83":2,"85":1,"89":2,"92":1,"93":1,"94":1,"96":1,"97":1,"100":1,"101":1,"103":1,"106":1,"108":2,"114":1,"116":1,"118":1,"123":1,"124":2,"125":2,"126":3,"127":3,"128":3,"129":3,"130":1,"133":3,"134":3,"139":3,"143":1,"144":3,"145":1,"149":1,"150":1,"158":1,"160":1,"161":1,"162":1,"164":1,"166":1,"258":1,"259":1,"271":1,"274":6,"275":6,"277":1,"279":2,"281":1,"283":2,"288":1,"289":1,"291":1,"296":1,"303":1,"306":1,"307":1,"310":1,"311":1,"313":1,"314":1,"315":1,"316":1,"317":1,"318":1,"319":1,"321":1,"322":1,"324":1}},"/home/travis/build/npmtest/node-npmtest-graphlib/node_modules/graphlib/index.js":{"path":"/home/travis/build/npmtest/node-npmtest-graphlib/node_modules/graphlib/index.js","s":{"1":1,"2":1},"b":{},"f":{},"fnMap":{},"statementMap":{"1":{"start":{"line":31,"column":0},"end":{"line":31,"column":27}},"2":{"start":{"line":33,"column":0},"end":{"line":38,"column":2}}},"branchMap":{},"code":["/**"," * Copyright (c) 2014, Chris Pettitt"," * All rights reserved."," *"," * Redistribution and use in source and binary forms, with or without"," * modification, are permitted provided that the following conditions are met:"," *"," * 1. Redistributions of source code must retain the above copyright notice, this"," * list of conditions and the following disclaimer."," *"," * 2. Redistributions in binary form must reproduce the above copyright notice,"," * this list of conditions and the following disclaimer in the documentation"," * and/or other materials provided with the distribution."," *"," * 3. Neither the name of the copyright holder nor the names of its contributors"," * may be used to endorse or promote products derived from this software without"," * specific prior written permission."," *"," * THIS SOFTWARE IS PROVIDED BY THE COPYRIGHT HOLDERS AND CONTRIBUTORS \"AS IS\" AND"," * ANY EXPRESS OR IMPLIED WARRANTIES, INCLUDING, BUT NOT LIMITED TO, THE IMPLIED"," * WARRANTIES OF MERCHANTABILITY AND FITNESS FOR A PARTICULAR PURPOSE ARE"," * DISCLAIMED. IN NO EVENT SHALL THE COPYRIGHT HOLDER OR CONTRIBUTORS BE LIABLE"," * FOR ANY DIRECT, INDIRECT, INCIDENTAL, SPECIAL, EXEMPLARY, OR CONSEQUENTIAL"," * DAMAGES (INCLUDING, BUT NOT LIMITED TO, PROCUREMENT OF SUBSTITUTE GOODS OR"," * SERVICES; LOSS OF USE, DATA, OR PROFITS; OR BUSINESS INTERRUPTION) HOWEVER"," * CAUSED AND ON ANY THEORY OF LIABILITY, WHETHER IN CONTRACT, STRICT LIABILITY,"," * OR TORT (INCLUDING NEGLIGENCE OR OTHERWISE) ARISING IN ANY WAY OUT OF THE USE"," * OF THIS SOFTWARE, EVEN IF ADVISED OF THE POSSIBILITY OF SUCH DAMAGE."," */","","var lib = require(\"./lib\");","","module.exports = {","  Graph: lib.Graph,","  json: require(\"./lib/json\"),","  alg: require(\"./lib/alg\"),","  version: lib.version","};",""],"l":{"31":1,"33":1}},"/home/travis/build/npmtest/node-npmtest-graphlib/node_modules/graphlib/lib/index.js":{"path":"/home/travis/build/npmtest/node-npmtest-graphlib/node_modules/graphlib/lib/index.js","s":{"1":1},"b":{},"f":{},"fnMap":{},"statementMap":{"1":{"start":{"line":2,"column":0},"end":{"line":5,"column":2}}},"branchMap":{},"code":["// Includes only the \"core\" of graphlib","module.exports = {","  Graph: require(\"./graph\"),","  version: require(\"./version\")","};",""],"l":{"2":1}},"/home/travis/build/npmtest/node-npmtest-graphlib/node_modules/graphlib/lib/graph.js":{"path":"/home/travis/build/npmtest/node-npmtest-graphlib/node_modules/graphlib/lib/graph.js","s":{"1":1,"2":1,"3":1,"4":1,"5":0,"6":0,"7":0,"8":0,"9":0,"10":0,"11":0,"12":0,"13":0,"14":0,"15":0,"16":0,"17":0,"18":0,"19":0,"20":0,"21":0,"22":1,"23":1,"24":1,"25":0,"26":1,"27":0,"28":1,"29":0,"30":1,"31":0,"32":0,"33":1,"34":0,"35":1,"36":0,"37":0,"38":0,"39":0,"40":1,"41":0,"42":1,"43":0,"44":1,"45":0,"46":0,"47":1,"48":0,"49":0,"50":1,"51":0,"52":0,"53":0,"54":0,"55":0,"56":0,"57":1,"58":0,"59":0,"60":0,"61":0,"62":0,"63":0,"64":0,"65":0,"66":0,"67":0,"68":0,"69":0,"70":0,"71":0,"72":0,"73":1,"74":0,"75":1,"76":0,"77":1,"78":0,"79":0,"80":0,"81":0,"82":0,"83":0,"84":0,"85":0,"86":0,"87":0,"88":0,"89":0,"90":0,"91":0,"92":0,"93":0,"94":0,"95":0,"96":0,"97":1,"98":0,"99":0,"100":0,"101":0,"102":0,"103":0,"104":0,"105":0,"106":0,"107":0,"108":0,"109":0,"110":0,"111":0,"112":1,"113":0,"114":1,"115":0,"116":0,"117":0,"118":0,"119":1,"120":0,"121":0,"122":0,"123":0,"124":0,"125":0,"126":0,"127":0,"128":0,"129":0,"130":1,"131":0,"132":0,"133":0,"134":1,"135":0,"136":0,"137":0,"138":1,"139":0,"140":0,"141":0,"142":1,"143":0,"144":0,"145":0,"146":0,"147":0,"148":0,"149":0,"150":0,"151":0,"152":0,"153":1,"154":0,"155":0,"156":0,"157":0,"158":0,"159":0,"160":0,"161":0,"162":0,"163":0,"164":0,"165":1,"166":0,"167":0,"168":0,"169":0,"170":1,"171":0,"172":1,"173":0,"174":1,"175":0,"176":0,"177":0,"178":0,"179":0,"180":0,"181":0,"182":1,"183":0,"184":0,"185":0,"186":0,"187":0,"188":0,"189":0,"190":0,"191":0,"192":0,"193":0,"194":0,"195":0,"196":0,"197":0,"198":0,"199":0,"200":0,"201":0,"202":0,"203":0,"204":0,"205":0,"206":0,"207":0,"208":0,"209":0,"210":0,"211":0,"212":0,"213":0,"214":0,"215":0,"216":0,"217":0,"218":0,"219":0,"220":0,"221":0,"222":1,"223":0,"224":0,"225":1,"226":0,"227":0,"228":1,"229":0,"230":0,"231":0,"232":0,"233":0,"234":0,"235":0,"236":0,"237":0,"238":0,"239":0,"240":0,"241":1,"242":0,"243":0,"244":0,"245":0,"246":0,"247":0,"248":0,"249":1,"250":0,"251":0,"252":0,"253":0,"254":0,"255":0,"256":0,"257":1,"258":0,"259":0,"260":0,"261":1,"262":0,"263":0,"264":0,"265":1,"266":0,"267":0,"268":1,"269":0,"270":0,"271":0,"272":0,"273":0,"274":0,"275":0,"276":1,"277":0,"278":0,"279":0,"280":0,"281":0,"282":0,"283":0,"284":0,"285":0,"286":0,"287":1,"288":0},"b":{"1":[0,0],"2":[0,0],"3":[0,0],"4":[0,0],"5":[0,0],"6":[0,0],"7":[0,0],"8":[0,0],"9":[0,0],"10":[0,0],"11":[0,0],"12":[0,0],"13":[0,0],"14":[0,0],"15":[0,0],"16":[0,0],"17":[0,0],"18":[0,0],"19":[0,0],"20":[0,0],"21":[0,0],"22":[0,0],"23":[0,0],"24":[0,0],"25":[0,0],"26":[0,0],"27":[0,0],"28":[0,0],"29":[0,0],"30":[0,0],"31":[0,0],"32":[0,0],"33":[0,0],"34":[0,0],"35":[0,0],"36":[0,0,0],"37":[0,0],"38":[0,0],"39":[0,0],"40":[0,0],"41":[0,0],"42":[0,0],"43":[0,0],"44":[0,0],"45":[0,0],"46":[0,0],"47":[0,0],"48":[0,0],"49":[0,0],"50":[0,0],"51":[0,0],"52":[0,0],"53":[0,0],"54":[0,0],"55":[0,0],"56":[0,0],"57":[0,0],"58":[0,0],"59":[0,0],"60":[0,0],"61":[0,0]},"f":{"1":0,"2":0,"3":0,"4":0,"5":0,"6":0,"7":0,"8":0,"9":0,"10":0,"11":0,"12":0,"13":0,"14":0,"15":0,"16":0,"17":0,"18":0,"19":0,"20":0,"21":0,"22":0,"23":0,"24":0,"25":0,"26":0,"27":0,"28":0,"29":0,"30":0,"31":0,"32":0,"33":0,"34":0,"35":0,"36":0,"37":0,"38":0,"39":0,"40":0,"41":0,"42":0,"43":0,"44":0,"45":0,"46":0,"47":0,"48":0,"49":0,"50":0,"51":0,"52":0},"fnMap":{"1":{"name":"Graph","line":21,"loc":{"start":{"line":21,"column":0},"end":{"line":21,"column":21}}},"2":{"name":"(anonymous_2)","line":75,"loc":{"start":{"line":75,"column":29},"end":{"line":75,"column":40}}},"3":{"name":"(anonymous_3)","line":79,"loc":{"start":{"line":79,"column":31},"end":{"line":79,"column":42}}},"4":{"name":"(anonymous_4)","line":83,"loc":{"start":{"line":83,"column":29},"end":{"line":83,"column":40}}},"5":{"name":"(anonymous_5)","line":87,"loc":{"start":{"line":87,"column":27},"end":{"line":87,"column":43}}},"6":{"name":"(anonymous_6)","line":92,"loc":{"start":{"line":92,"column":24},"end":{"line":92,"column":35}}},"7":{"name":"(anonymous_7)","line":99,"loc":{"start":{"line":99,"column":38},"end":{"line":99,"column":59}}},"8":{"name":"(anonymous_8)","line":107,"loc":{"start":{"line":107,"column":28},"end":{"line":107,"column":39}}},"9":{"name":"(anonymous_9)","line":111,"loc":{"start":{"line":111,"column":24},"end":{"line":111,"column":35}}},"10":{"name":"(anonymous_10)","line":115,"loc":{"start":{"line":115,"column":26},"end":{"line":115,"column":37}}},"11":{"name":"(anonymous_11)","line":116,"loc":{"start":{"line":116,"column":39},"end":{"line":116,"column":51}}},"12":{"name":"(anonymous_12)","line":121,"loc":{"start":{"line":121,"column":24},"end":{"line":121,"column":35}}},"13":{"name":"(anonymous_13)","line":122,"loc":{"start":{"line":122,"column":39},"end":{"line":122,"column":51}}},"14":{"name":"(anonymous_14)","line":127,"loc":{"start":{"line":127,"column":27},"end":{"line":127,"column":47}}},"15":{"name":"(anonymous_15)","line":129,"loc":{"start":{"line":129,"column":20},"end":{"line":129,"column":32}}},"16":{"name":"(anonymous_16)","line":139,"loc":{"start":{"line":139,"column":26},"end":{"line":139,"column":45}}},"17":{"name":"(anonymous_17)","line":161,"loc":{"start":{"line":161,"column":23},"end":{"line":161,"column":35}}},"18":{"name":"(anonymous_18)","line":165,"loc":{"start":{"line":165,"column":26},"end":{"line":165,"column":38}}},"19":{"name":"(anonymous_19)","line":169,"loc":{"start":{"line":169,"column":30},"end":{"line":169,"column":42}}},"20":{"name":"(anonymous_20)","line":172,"loc":{"start":{"line":172,"column":21},"end":{"line":172,"column":33}}},"21":{"name":"(anonymous_21)","line":177,"loc":{"start":{"line":177,"column":38},"end":{"line":177,"column":54}}},"22":{"name":"(anonymous_22)","line":193,"loc":{"start":{"line":193,"column":28},"end":{"line":193,"column":48}}},"23":{"name":"(anonymous_23)","line":222,"loc":{"start":{"line":222,"column":46},"end":{"line":222,"column":58}}},"24":{"name":"(anonymous_24)","line":226,"loc":{"start":{"line":226,"column":25},"end":{"line":226,"column":37}}},"25":{"name":"(anonymous_25)","line":235,"loc":{"start":{"line":235,"column":27},"end":{"line":235,"column":39}}},"26":{"name":"(anonymous_26)","line":252,"loc":{"start":{"line":252,"column":31},"end":{"line":252,"column":43}}},"27":{"name":"(anonymous_27)","line":259,"loc":{"start":{"line":259,"column":29},"end":{"line":259,"column":41}}},"28":{"name":"(anonymous_28)","line":266,"loc":{"start":{"line":266,"column":28},"end":{"line":266,"column":40}}},"29":{"name":"(anonymous_29)","line":273,"loc":{"start":{"line":273,"column":30},"end":{"line":273,"column":47}}},"30":{"name":"(anonymous_30)","line":282,"loc":{"start":{"line":282,"column":29},"end":{"line":282,"column":48}}},"31":{"name":"(anonymous_31)","line":288,"loc":{"start":{"line":288,"column":32},"end":{"line":288,"column":44}}},"32":{"name":"findParent","line":296,"loc":{"start":{"line":296,"column":2},"end":{"line":296,"column":25}}},"33":{"name":"(anonymous_33)","line":309,"loc":{"start":{"line":309,"column":25},"end":{"line":309,"column":37}}},"34":{"name":"(anonymous_34)","line":319,"loc":{"start":{"line":319,"column":38},"end":{"line":319,"column":59}}},"35":{"name":"(anonymous_35)","line":327,"loc":{"start":{"line":327,"column":28},"end":{"line":327,"column":39}}},"36":{"name":"(anonymous_36)","line":331,"loc":{"start":{"line":331,"column":24},"end":{"line":331,"column":35}}},"37":{"name":"(anonymous_37)","line":335,"loc":{"start":{"line":335,"column":26},"end":{"line":335,"column":46}}},"38":{"name":"(anonymous_38)","line":338,"loc":{"start":{"line":338,"column":15},"end":{"line":338,"column":30}}},"39":{"name":"(anonymous_39)","line":353,"loc":{"start":{"line":353,"column":26},"end":{"line":353,"column":37}}},"40":{"name":"(anonymous_40)","line":416,"loc":{"start":{"line":416,"column":23},"end":{"line":416,"column":44}}},"41":{"name":"(anonymous_41)","line":423,"loc":{"start":{"line":423,"column":26},"end":{"line":423,"column":47}}},"42":{"name":"(anonymous_42)","line":430,"loc":{"start":{"line":430,"column":29},"end":{"line":430,"column":50}}},"43":{"name":"(anonymous_43)","line":449,"loc":{"start":{"line":449,"column":26},"end":{"line":449,"column":41}}},"44":{"name":"(anonymous_44)","line":456,"loc":{"start":{"line":456,"column":27},"end":{"line":456,"column":42}}},"45":{"name":"(anonymous_45)","line":460,"loc":{"start":{"line":460,"column":27},"end":{"line":460,"column":42}}},"46":{"name":"(anonymous_46)","line":467,"loc":{"start":{"line":467,"column":27},"end":{"line":467,"column":42}}},"47":{"name":"(anonymous_47)","line":471,"loc":{"start":{"line":471,"column":28},"end":{"line":471,"column":43}}},"48":{"name":"incrementOrInitEntry","line":478,"loc":{"start":{"line":478,"column":0},"end":{"line":478,"column":38}}},"49":{"name":"decrementOrRemoveEntry","line":486,"loc":{"start":{"line":486,"column":0},"end":{"line":486,"column":40}}},"50":{"name":"edgeArgsToId","line":490,"loc":{"start":{"line":490,"column":0},"end":{"line":490,"column":48}}},"51":{"name":"edgeArgsToObj","line":502,"loc":{"start":{"line":502,"column":0},"end":{"line":502,"column":49}}},"52":{"name":"edgeObjToId","line":517,"loc":{"start":{"line":517,"column":0},"end":{"line":517,"column":42}}}},"statementMap":{"1":{"start":{"line":3,"column":0},"end":{"line":3,"column":28}},"2":{"start":{"line":5,"column":0},"end":{"line":5,"column":23}},"3":{"start":{"line":7,"column":0},"end":{"line":9,"column":28}},"4":{"start":{"line":21,"column":0},"end":{"line":64,"column":1}},"5":{"start":{"line":22,"column":2},"end":{"line":22,"column":68}},"6":{"start":{"line":23,"column":2},"end":{"line":23,"column":75}},"7":{"start":{"line":24,"column":2},"end":{"line":24,"column":69}},"8":{"start":{"line":27,"column":2},"end":{"line":27,"column":26}},"9":{"start":{"line":30,"column":2},"end":{"line":30,"column":51}},"10":{"start":{"line":33,"column":2},"end":{"line":33,"column":51}},"11":{"start":{"line":36,"column":2},"end":{"line":36,"column":19}},"12":{"start":{"line":38,"column":2},"end":{"line":45,"column":3}},"13":{"start":{"line":40,"column":4},"end":{"line":40,"column":22}},"14":{"start":{"line":43,"column":4},"end":{"line":43,"column":24}},"15":{"start":{"line":44,"column":4},"end":{"line":44,"column":36}},"16":{"start":{"line":48,"column":2},"end":{"line":48,"column":16}},"17":{"start":{"line":51,"column":2},"end":{"line":51,"column":19}},"18":{"start":{"line":54,"column":2},"end":{"line":54,"column":17}},"19":{"start":{"line":57,"column":2},"end":{"line":57,"column":18}},"20":{"start":{"line":60,"column":2},"end":{"line":60,"column":22}},"21":{"start":{"line":63,"column":2},"end":{"line":63,"column":24}},"22":{"start":{"line":67,"column":0},"end":{"line":67,"column":31}},"23":{"start":{"line":70,"column":0},"end":{"line":70,"column":31}},"24":{"start":{"line":75,"column":0},"end":{"line":77,"column":2}},"25":{"start":{"line":76,"column":2},"end":{"line":76,"column":26}},"26":{"start":{"line":79,"column":0},"end":{"line":81,"column":2}},"27":{"start":{"line":80,"column":2},"end":{"line":80,"column":28}},"28":{"start":{"line":83,"column":0},"end":{"line":85,"column":2}},"29":{"start":{"line":84,"column":2},"end":{"line":84,"column":26}},"30":{"start":{"line":87,"column":0},"end":{"line":90,"column":2}},"31":{"start":{"line":88,"column":2},"end":{"line":88,"column":22}},"32":{"start":{"line":89,"column":2},"end":{"line":89,"column":14}},"33":{"start":{"line":92,"column":0},"end":{"line":94,"column":2}},"34":{"start":{"line":93,"column":2},"end":{"line":93,"column":21}},"35":{"start":{"line":99,"column":0},"end":{"line":105,"column":2}},"36":{"start":{"line":100,"column":2},"end":{"line":102,"column":3}},"37":{"start":{"line":101,"column":4},"end":{"line":101,"column":40}},"38":{"start":{"line":103,"column":2},"end":{"line":103,"column":40}},"39":{"start":{"line":104,"column":2},"end":{"line":104,"column":14}},"40":{"start":{"line":107,"column":0},"end":{"line":109,"column":2}},"41":{"start":{"line":108,"column":2},"end":{"line":108,"column":25}},"42":{"start":{"line":111,"column":0},"end":{"line":113,"column":2}},"43":{"start":{"line":112,"column":2},"end":{"line":112,"column":29}},"44":{"start":{"line":115,"column":0},"end":{"line":119,"column":2}},"45":{"start":{"line":116,"column":2},"end":{"line":118,"column":12}},"46":{"start":{"line":117,"column":4},"end":{"line":117,"column":34}},"47":{"start":{"line":121,"column":0},"end":{"line":125,"column":2}},"48":{"start":{"line":122,"column":2},"end":{"line":124,"column":12}},"49":{"start":{"line":123,"column":4},"end":{"line":123,"column":35}},"50":{"start":{"line":127,"column":0},"end":{"line":137,"column":2}},"51":{"start":{"line":128,"column":2},"end":{"line":128,"column":23}},"52":{"start":{"line":129,"column":2},"end":{"line":135,"column":12}},"53":{"start":{"line":130,"column":4},"end":{"line":134,"column":5}},"54":{"start":{"line":131,"column":6},"end":{"line":131,"column":29}},"55":{"start":{"line":133,"column":6},"end":{"line":133,"column":22}},"56":{"start":{"line":136,"column":2},"end":{"line":136,"column":14}},"57":{"start":{"line":139,"column":0},"end":{"line":159,"column":2}},"58":{"start":{"line":140,"column":2},"end":{"line":145,"column":3}},"59":{"start":{"line":141,"column":4},"end":{"line":143,"column":5}},"60":{"start":{"line":142,"column":6},"end":{"line":142,"column":29}},"61":{"start":{"line":144,"column":4},"end":{"line":144,"column":16}},"62":{"start":{"line":147,"column":2},"end":{"line":147,"column":78}},"63":{"start":{"line":148,"column":2},"end":{"line":152,"column":3}},"64":{"start":{"line":149,"column":4},"end":{"line":149,"column":33}},"65":{"start":{"line":150,"column":4},"end":{"line":150,"column":27}},"66":{"start":{"line":151,"column":4},"end":{"line":151,"column":41}},"67":{"start":{"line":153,"column":2},"end":{"line":153,"column":19}},"68":{"start":{"line":154,"column":2},"end":{"line":154,"column":22}},"69":{"start":{"line":155,"column":2},"end":{"line":155,"column":20}},"70":{"start":{"line":156,"column":2},"end":{"line":156,"column":21}},"71":{"start":{"line":157,"column":2},"end":{"line":157,"column":20}},"72":{"start":{"line":158,"column":2},"end":{"line":158,"column":14}},"73":{"start":{"line":161,"column":0},"end":{"line":163,"column":2}},"74":{"start":{"line":162,"column":2},"end":{"line":162,"column":24}},"75":{"start":{"line":165,"column":0},"end":{"line":167,"column":2}},"76":{"start":{"line":166,"column":2},"end":{"line":166,"column":31}},"77":{"start":{"line":169,"column":0},"end":{"line":191,"column":2}},"78":{"start":{"line":170,"column":2},"end":{"line":170,"column":18}},"79":{"start":{"line":171,"column":2},"end":{"line":189,"column":3}},"80":{"start":{"line":172,"column":4},"end":{"line":172,"column":73}},"81":{"start":{"line":172,"column":35},"end":{"line":172,"column":70}},"82":{"start":{"line":173,"column":4},"end":{"line":173,"column":26}},"83":{"start":{"line":174,"column":4},"end":{"line":181,"column":5}},"84":{"start":{"line":175,"column":6},"end":{"line":175,"column":42}},"85":{"start":{"line":176,"column":6},"end":{"line":176,"column":29}},"86":{"start":{"line":177,"column":6},"end":{"line":179,"column":16}},"87":{"start":{"line":178,"column":8},"end":{"line":178,"column":30}},"88":{"start":{"line":180,"column":6},"end":{"line":180,"column":31}},"89":{"start":{"line":182,"column":4},"end":{"line":182,"column":44}},"90":{"start":{"line":183,"column":4},"end":{"line":183,"column":23}},"91":{"start":{"line":184,"column":4},"end":{"line":184,"column":26}},"92":{"start":{"line":185,"column":4},"end":{"line":185,"column":45}},"93":{"start":{"line":186,"column":4},"end":{"line":186,"column":24}},"94":{"start":{"line":187,"column":4},"end":{"line":187,"column":25}},"95":{"start":{"line":188,"column":4},"end":{"line":188,"column":22}},"96":{"start":{"line":190,"column":2},"end":{"line":190,"column":14}},"97":{"start":{"line":193,"column":0},"end":{"line":220,"column":2}},"98":{"start":{"line":194,"column":2},"end":{"line":196,"column":3}},"99":{"start":{"line":195,"column":4},"end":{"line":195,"column":65}},"100":{"start":{"line":198,"column":2},"end":{"line":213,"column":3}},"101":{"start":{"line":199,"column":4},"end":{"line":199,"column":24}},"102":{"start":{"line":202,"column":4},"end":{"line":202,"column":17}},"103":{"start":{"line":203,"column":4},"end":{"line":210,"column":5}},"104":{"start":{"line":206,"column":6},"end":{"line":209,"column":7}},"105":{"start":{"line":207,"column":8},"end":{"line":208,"column":56}},"106":{"start":{"line":212,"column":4},"end":{"line":212,"column":25}},"107":{"start":{"line":215,"column":2},"end":{"line":215,"column":18}},"108":{"start":{"line":216,"column":2},"end":{"line":216,"column":38}},"109":{"start":{"line":217,"column":2},"end":{"line":217,"column":27}},"110":{"start":{"line":218,"column":2},"end":{"line":218,"column":35}},"111":{"start":{"line":219,"column":2},"end":{"line":219,"column":14}},"112":{"start":{"line":222,"column":0},"end":{"line":224,"column":2}},"113":{"start":{"line":223,"column":2},"end":{"line":223,"column":44}},"114":{"start":{"line":226,"column":0},"end":{"line":233,"column":2}},"115":{"start":{"line":227,"column":2},"end":{"line":232,"column":3}},"116":{"start":{"line":228,"column":4},"end":{"line":228,"column":33}},"117":{"start":{"line":229,"column":4},"end":{"line":231,"column":5}},"118":{"start":{"line":230,"column":6},"end":{"line":230,"column":20}},"119":{"start":{"line":235,"column":0},"end":{"line":250,"column":2}},"120":{"start":{"line":236,"column":2},"end":{"line":238,"column":3}},"121":{"start":{"line":237,"column":4},"end":{"line":237,"column":19}},"122":{"start":{"line":240,"column":2},"end":{"line":249,"column":3}},"123":{"start":{"line":241,"column":4},"end":{"line":241,"column":37}},"124":{"start":{"line":242,"column":4},"end":{"line":244,"column":5}},"125":{"start":{"line":243,"column":6},"end":{"line":243,"column":30}},"126":{"start":{"line":245,"column":9},"end":{"line":249,"column":3}},"127":{"start":{"line":246,"column":4},"end":{"line":246,"column":24}},"128":{"start":{"line":247,"column":9},"end":{"line":249,"column":3}},"129":{"start":{"line":248,"column":4},"end":{"line":248,"column":14}},"130":{"start":{"line":252,"column":0},"end":{"line":257,"column":2}},"131":{"start":{"line":253,"column":2},"end":{"line":253,"column":30}},"132":{"start":{"line":254,"column":2},"end":{"line":256,"column":3}},"133":{"start":{"line":255,"column":4},"end":{"line":255,"column":26}},"134":{"start":{"line":259,"column":0},"end":{"line":264,"column":2}},"135":{"start":{"line":260,"column":2},"end":{"line":260,"column":28}},"136":{"start":{"line":261,"column":2},"end":{"line":263,"column":3}},"137":{"start":{"line":262,"column":4},"end":{"line":262,"column":25}},"138":{"start":{"line":266,"column":0},"end":{"line":271,"column":2}},"139":{"start":{"line":267,"column":2},"end":{"line":267,"column":35}},"140":{"start":{"line":268,"column":2},"end":{"line":270,"column":3}},"141":{"start":{"line":269,"column":4},"end":{"line":269,"column":46}},"142":{"start":{"line":273,"column":0},"end":{"line":315,"column":2}},"143":{"start":{"line":274,"column":2},"end":{"line":278,"column":5}},"144":{"start":{"line":280,"column":2},"end":{"line":280,"column":30}},"145":{"start":{"line":282,"column":2},"end":{"line":286,"column":12}},"146":{"start":{"line":283,"column":4},"end":{"line":285,"column":5}},"147":{"start":{"line":284,"column":6},"end":{"line":284,"column":29}},"148":{"start":{"line":288,"column":2},"end":{"line":292,"column":12}},"149":{"start":{"line":289,"column":4},"end":{"line":291,"column":5}},"150":{"start":{"line":290,"column":6},"end":{"line":290,"column":36}},"151":{"start":{"line":294,"column":2},"end":{"line":294,"column":18}},"152":{"start":{"line":295,"column":2},"end":{"line":295,"column":19}},"153":{"start":{"line":296,"column":2},"end":{"line":306,"column":3}},"154":{"start":{"line":297,"column":4},"end":{"line":297,"column":32}},"155":{"start":{"line":298,"column":4},"end":{"line":305,"column":5}},"156":{"start":{"line":299,"column":6},"end":{"line":299,"column":26}},"157":{"start":{"line":300,"column":6},"end":{"line":300,"column":20}},"158":{"start":{"line":301,"column":11},"end":{"line":305,"column":5}},"159":{"start":{"line":302,"column":6},"end":{"line":302,"column":29}},"160":{"start":{"line":304,"column":6},"end":{"line":304,"column":32}},"161":{"start":{"line":308,"column":2},"end":{"line":312,"column":3}},"162":{"start":{"line":309,"column":4},"end":{"line":311,"column":7}},"163":{"start":{"line":310,"column":6},"end":{"line":310,"column":39}},"164":{"start":{"line":314,"column":2},"end":{"line":314,"column":14}},"165":{"start":{"line":319,"column":0},"end":{"line":325,"column":2}},"166":{"start":{"line":320,"column":2},"end":{"line":322,"column":3}},"167":{"start":{"line":321,"column":4},"end":{"line":321,"column":40}},"168":{"start":{"line":323,"column":2},"end":{"line":323,"column":40}},"169":{"start":{"line":324,"column":2},"end":{"line":324,"column":14}},"170":{"start":{"line":327,"column":0},"end":{"line":329,"column":2}},"171":{"start":{"line":328,"column":2},"end":{"line":328,"column":25}},"172":{"start":{"line":331,"column":0},"end":{"line":333,"column":2}},"173":{"start":{"line":332,"column":2},"end":{"line":332,"column":34}},"174":{"start":{"line":335,"column":0},"end":{"line":347,"column":2}},"175":{"start":{"line":336,"column":2},"end":{"line":337,"column":23}},"176":{"start":{"line":338,"column":2},"end":{"line":345,"column":5}},"177":{"start":{"line":339,"column":4},"end":{"line":343,"column":5}},"178":{"start":{"line":340,"column":6},"end":{"line":340,"column":32}},"179":{"start":{"line":342,"column":6},"end":{"line":342,"column":25}},"180":{"start":{"line":344,"column":4},"end":{"line":344,"column":13}},"181":{"start":{"line":346,"column":2},"end":{"line":346,"column":14}},"182":{"start":{"line":353,"column":0},"end":{"line":414,"column":2}},"183":{"start":{"line":354,"column":2},"end":{"line":356,"column":26}},"184":{"start":{"line":358,"column":2},"end":{"line":374,"column":3}},"185":{"start":{"line":359,"column":4},"end":{"line":359,"column":15}},"186":{"start":{"line":360,"column":4},"end":{"line":360,"column":15}},"187":{"start":{"line":361,"column":4},"end":{"line":361,"column":21}},"188":{"start":{"line":362,"column":4},"end":{"line":365,"column":5}},"189":{"start":{"line":363,"column":6},"end":{"line":363,"column":27}},"190":{"start":{"line":364,"column":6},"end":{"line":364,"column":28}},"191":{"start":{"line":367,"column":4},"end":{"line":367,"column":13}},"192":{"start":{"line":368,"column":4},"end":{"line":368,"column":21}},"193":{"start":{"line":369,"column":4},"end":{"line":369,"column":24}},"194":{"start":{"line":370,"column":4},"end":{"line":373,"column":5}},"195":{"start":{"line":371,"column":6},"end":{"line":371,"column":27}},"196":{"start":{"line":372,"column":6},"end":{"line":372,"column":28}},"197":{"start":{"line":376,"column":2},"end":{"line":376,"column":13}},"198":{"start":{"line":377,"column":2},"end":{"line":377,"column":13}},"199":{"start":{"line":378,"column":2},"end":{"line":380,"column":3}},"200":{"start":{"line":379,"column":4},"end":{"line":379,"column":21}},"201":{"start":{"line":382,"column":2},"end":{"line":382,"column":53}},"202":{"start":{"line":383,"column":2},"end":{"line":388,"column":3}},"203":{"start":{"line":384,"column":4},"end":{"line":386,"column":5}},"204":{"start":{"line":385,"column":6},"end":{"line":385,"column":34}},"205":{"start":{"line":387,"column":4},"end":{"line":387,"column":16}},"206":{"start":{"line":390,"column":2},"end":{"line":392,"column":3}},"207":{"start":{"line":391,"column":4},"end":{"line":391,"column":73}},"208":{"start":{"line":396,"column":2},"end":{"line":396,"column":18}},"209":{"start":{"line":397,"column":2},"end":{"line":397,"column":18}},"210":{"start":{"line":399,"column":2},"end":{"line":399,"column":86}},"211":{"start":{"line":401,"column":2},"end":{"line":401,"column":60}},"212":{"start":{"line":403,"column":2},"end":{"line":403,"column":16}},"213":{"start":{"line":404,"column":2},"end":{"line":404,"column":16}},"214":{"start":{"line":406,"column":2},"end":{"line":406,"column":25}},"215":{"start":{"line":407,"column":2},"end":{"line":407,"column":30}},"216":{"start":{"line":408,"column":2},"end":{"line":408,"column":42}},"217":{"start":{"line":409,"column":2},"end":{"line":409,"column":41}},"218":{"start":{"line":410,"column":2},"end":{"line":410,"column":27}},"219":{"start":{"line":411,"column":2},"end":{"line":411,"column":28}},"220":{"start":{"line":412,"column":2},"end":{"line":412,"column":20}},"221":{"start":{"line":413,"column":2},"end":{"line":413,"column":14}},"222":{"start":{"line":416,"column":0},"end":{"line":421,"column":2}},"223":{"start":{"line":417,"column":2},"end":{"line":419,"column":58}},"224":{"start":{"line":420,"column":2},"end":{"line":420,"column":29}},"225":{"start":{"line":423,"column":0},"end":{"line":428,"column":2}},"226":{"start":{"line":424,"column":2},"end":{"line":426,"column":58}},"227":{"start":{"line":427,"column":2},"end":{"line":427,"column":36}},"228":{"start":{"line":430,"column":0},"end":{"line":447,"column":2}},"229":{"start":{"line":431,"column":2},"end":{"line":434,"column":31}},"230":{"start":{"line":435,"column":2},"end":{"line":445,"column":3}},"231":{"start":{"line":436,"column":4},"end":{"line":436,"column":15}},"232":{"start":{"line":437,"column":4},"end":{"line":437,"column":15}},"233":{"start":{"line":438,"column":4},"end":{"line":438,"column":31}},"234":{"start":{"line":439,"column":4},"end":{"line":439,"column":29}},"235":{"start":{"line":440,"column":4},"end":{"line":440,"column":46}},"236":{"start":{"line":441,"column":4},"end":{"line":441,"column":45}},"237":{"start":{"line":442,"column":4},"end":{"line":442,"column":26}},"238":{"start":{"line":443,"column":4},"end":{"line":443,"column":27}},"239":{"start":{"line":444,"column":4},"end":{"line":444,"column":22}},"240":{"start":{"line":446,"column":2},"end":{"line":446,"column":14}},"241":{"start":{"line":449,"column":0},"end":{"line":458,"column":2}},"242":{"start":{"line":450,"column":2},"end":{"line":450,"column":24}},"243":{"start":{"line":451,"column":2},"end":{"line":457,"column":3}},"244":{"start":{"line":452,"column":4},"end":{"line":452,"column":30}},"245":{"start":{"line":453,"column":4},"end":{"line":455,"column":5}},"246":{"start":{"line":454,"column":6},"end":{"line":454,"column":19}},"247":{"start":{"line":456,"column":4},"end":{"line":456,"column":68}},"248":{"start":{"line":456,"column":44},"end":{"line":456,"column":64}},"249":{"start":{"line":460,"column":0},"end":{"line":469,"column":2}},"250":{"start":{"line":461,"column":2},"end":{"line":461,"column":26}},"251":{"start":{"line":462,"column":2},"end":{"line":468,"column":3}},"252":{"start":{"line":463,"column":4},"end":{"line":463,"column":31}},"253":{"start":{"line":464,"column":4},"end":{"line":466,"column":5}},"254":{"start":{"line":465,"column":6},"end":{"line":465,"column":19}},"255":{"start":{"line":467,"column":4},"end":{"line":467,"column":68}},"256":{"start":{"line":467,"column":44},"end":{"line":467,"column":64}},"257":{"start":{"line":471,"column":0},"e
[...]
":28}}},"branchMap":{"1":{"line":12,"type":"if","locations":[{"start":{"line":12,"column":4},"end":{"line":12,"column":4}},{"start":{"line":12,"column":4},"end":{"line":12,"column":4}}]},"2":{"line":16,"type":"if","locations":[{"start":{"line":16,"column":4},"end":{"line":16,"column":4}},{"start":{"line":16,"column":4},"end":{"line":16,"column":4}}]},"3":{"line":27,"type":"if","locations":[{"start":{"line":27,"column":2},"end":{"line":27,"column":2}},{"start":{"line":27,"column":2},"end":{"line":27,"column":2}}]}},"code":["var _ = require(\"../lodash\");","","module.exports = topsort;","topsort.CycleException = CycleException;","","function topsort(g) {","  var visited = {},","      stack = {},","      results = [];","","  function visit(node) {","    if (_.has(stack, node)) {","      throw new CycleException();","    }","","    if (!_.has(visited, node)) {","      stack[node] = true;","      visited[node] = true;","      _.each(g.predecessors(node), visit);","      delete stack[node];","      results.push(node);","    }","  }","","  _.each(g.sinks(), visit);","","  if (_.size(visited) !== g.nodeCount()) {","    throw new CycleException();","  }","","  return results;","}","","function CycleException() {}",""],"l":{"1":1,"3":1,"4":1,"6":1,"7":0,"11":1,"12":0,"13":0,"16":0,"17":0,"18":0,"19":0,"20":0,"21":0,"25":0,"27":0,"28":0,"31":0,"34":1}},"/home/travis/build/npmtest/node-npmtest-graphlib/node_modules/graphlib/lib/alg/postorder.js":{"path":"/home/travis/build/npmtest/node-npmtest-graphlib/node_modules/graphlib/lib/alg/postorder.js","s":{"1":1,"2":1,"3":1,"4":0},"b":{},"f":{"1":0},"fnMap":{"1":{"name":"postorder","line":5,"loc":{"start":{"line":5,"column":0},"end":{"line":5,"column":26}}}},"statementMap":{"1":{"start":{"line":1,"column":0},"end":{"line":1,"column":27}},"2":{"start":{"line":3,"column":0},"end":{"line":3,"column":27}},"3":{"start":{"line":5,"column":0},"end":{"line":7,"column":1}},"4":{"start":{"line":6,"column":2},"end":{"line":6,"column":28}}},"branchMap":{},"code":["var dfs = require(\"./dfs\");","","module.exports = postorder;","","function postorder(g, vs) {","  return dfs(g, vs, \"post\");","}",""],"l":{"1":1,"3":1,"5":1,"6":0}},"/home/travis/build/npmtest/node-npmtest-graphlib/node_modules/graphlib/lib/alg/dfs.js":{"path":"/home/travis/build/npmtest/node-npmtest-graphlib/node_modules/graphlib/lib/alg/dfs.js","s":{"1":1,"2":1,"3":1,"4":0,"5":0,"6":0,"7":0,"8":0,"9":0,"10":0,"11":0,"12":0,"13":1,"14":0,"15":0,"16":0,"17":0,"18":0,"19":0,"20":0,"21":0},"b":{"1":[0,0],"2":[0,0],"3":[0,0],"4":[0,0],"5":[0,0],"6":[0,0]},"f":{"1":0,"2":0,"3":0,"4":0},"fnMap":{"1":{"name":"dfs","line":13,"loc":{"start":{"line":13,"column":0},"end":{"line":13,"column":27}}},"2":{"name":"(anonymous_2)","line":22,"loc":{"start":{"line":22,"column":13},"end":{"line":22,"column":25}}},"3":{"name":"doDfs","line":32,"loc":{"start":{"line":32,"column":0},"end":{"line":32,"column":58}}},"4":{"name":"(anonymous_4)","line":37,"loc":{"start":{"line":37,"column":26},"end":{"line":37,"column":38}}}},"statementMap":{"1":{"start":{"line":1,"column":0},"end":{"line":1,"column":29}},"2":{"start":{"line":3,"column":0},"end":{"line":3,"column":21}},"3":{"start":{"line":13,"column":0},"end":{"line":30,"column":1}},"4":{"start":{"line":14,"column":2},"end":{"line":16,"column":3}},"5":{"start":{"line":15,"column":4},"end":{"line":15,"column":14}},"6":{"start":{"line":18,"column":2},"end":{"line":18,"column":73}},"7":{"start":{"line":20,"column":2},"end":{"line":21,"column":19}},"8":{"start":{"line":22,"column":2},"end":{"line":28,"column":5}},"9":{"start":{"line":23,"column":4},"end":{"line":25,"column":5}},"10":{"start":{"line":24,"column":6},"end":{"line":24,"column":56}},"11":{"start":{"line":27,"column":4},"end":{"line":27,"column":60}},"12":{"start":{"line":29,"column":2},"end":{"line":29,"column":13}},"13":{"start":{"line":32,"column":0},"end":{"line":42,"column":1}},"14":{"start":{"line":33,"column":2},"end":{"line":41,"column":3}},"15":{"start":{"line":34,"column":4},"end":{"line":34,"column":22}},"16":{"start":{"line":36,"column":4},"end":{"line":36,"column":36}},"17":{"start":{"line":36,"column":22},"end":{"line":36,"column":34}},"18":{"start":{"line":37,"column":4},"end":{"line":39,"column":7}},"19":{"start":{"line":38,"column":6},"end":{"line":38,"column":55}},"20":{"start":{"line":40,"column":4},"end":{"line":40,"column":35}},"21":{"start":{"line":40,"column":21},"end":{"line":40,"column":33}}},"branchMap":{"1":{"line":14,"type":"if","locations":[{"start":{"line":14,"column":2},"end":{"line":14,"column":2}},{"start":{"line":14,"column":2},"end":{"line":14,"column":2}}]},"2":{"line":18,"type":"cond-expr","locations":[{"start":{"line":18,"column":37},"end":{"line":18,"column":49}},{"start":{"line":18,"column":52},"end":{"line":18,"column":63}}]},"3":{"line":23,"type":"if","locations":[{"start":{"line":23,"column":4},"end":{"line":23,"column":4}},{"start":{"line":23,"column":4},"end":{"line":23,"column":4}}]},"4":{"line":33,"type":"if","locations":[{"start":{"line":33,"column":2},"end":{"line":33,"column":2}},{"start":{"line":33,"column":2},"end":{"line":33,"column":2}}]},"5":{"line":36,"type":"if","locations":[{"start":{"line":36,"column":4},"end":{"line":36,"column":4}},{"start":{"line":36,"column":4},"end":{"line":36,"column":4}}]},"6":{"line":40,"type":"if","locations":[{"start":{"line":40,"column":4},"end":{"line":40,"column":4}},{"start":{"line":40,"column":4},"end":{"line":40,"column":4}}]}},"code":["var _ = require(\"../lodash\");","","module.exports = dfs;","","/*"," * A helper that preforms a pre- or post-order traversal on the input graph"," * and returns the nodes in the order they were visited. If the graph is"," * undirected then this algorithm will navigate using neighbors. If the graph"," * is directed then this algorithm will navigate using successors."," *"," * Order must be one of \"pre\" or \"post\"."," */","function dfs(g, vs, order) {","  if (!_.isArray(vs)) {","    vs = [vs];","  }","","  var navigation = (g.isDirected() ? g.successors : g.neighbors).bind(g);","","  var acc = [],","      visited = {};","  _.each(vs, function(v) {","    if (!g.hasNode(v)) {","      throw new Error(\"Graph does not have node: \" + v);","    }","","    doDfs(g, v, order === \"post\", visited, navigation, acc);","  });","  return acc;","}","","function doDfs(g, v, postorder, visited, navigation, acc) {","  if (!_.has(visited, v)) {","    visited[v] = true;","","    if (!postorder) { acc.push(v); }","    _.each(navigation(v), function(w) {","      doDfs(g, w, postorder, visited, navigation, acc);","    });","    if (postorder) { acc.push(v); }","  }","}",""],"l":{"1":1,"3":1,"13":1,"14":0,"15":0,"18":0,"20":0,"22":0,"23":0,"24":0,"27":0,"29":0,"32":1,"33":0,"34":0,"36":0,"37":0,"38":0,"40":0}},"/home/travis/build/npmtest/node-npmtest-graphlib/node_modules/graphlib/lib/alg/preorder.js":{"path":"/home/travis/build/npmtest/node-npmtest-graphlib/node_modules/graphlib/lib/alg/preorder.js","s":{"1":1,"2":1,"3":1,"4":0},"b":{},"f":{"1":0},"fnMap":{"1":{"name":"preorder","line":5,"loc":{"start":{"line":5,"column":0},"end":{"line":5,"column":25}}}},"statementMap":{"1":{"start":{"line":1,"column":0},"end":{"line":1,"column":27}},"2":{"start":{"line":3,"column":0},"end":{"line":3,"column":26}},"3":{"start":{"line":5,"column":0},"end":{"line":7,"column":1}},"4":{"start":{"line":6,"column":2},"end":{"line":6,"column":27}}},"branchMap":{},"code":["var dfs = require(\"./dfs\");","","module.exports = preorder;","","function preorder(g, vs) {","  return dfs(g, vs, \"pre\");","}",""],"l":{"1":1,"3":1,"5":1,"6":0}},"/home/travis/build/npmtest/node-npmtest-graphlib/node_modules/graphlib/lib/alg/prim.js":{"path":"/home/travis/build/npmtest/node-npmtest-graphlib/node_modules/graphlib/lib/alg/prim.js","s":{"1":1,"2":1,"3":1,"4":0,"5":1,"6":0,"7":0,"8":0,"9":0,"10":0,"11":0,"12":0,"13":0,"14":0,"15":0,"16":0,"17":0,"18":0,"19":0,"20":0,"21":0,"22":0,"23":0,"24":0,"25":0,"26":0,"27":0},"b":{"1":[0,0],"2":[0,0],"3":[0,0],"4":[0,0],"5":[0,0],"6":[0,0]},"f":{"1":0,"2":0,"3":0},"fnMap":{"1":{"name":"prim","line":7,"loc":{"start":{"line":7,"column":0},"end":{"line":7,"column":29}}},"2":{"name":"updateNeighbors","line":13,"loc":{"start":{"line":13,"column":2},"end":{"line":13,"column":33}}},"3":{"name":"(anonymous_3)","line":29,"loc":{"start":{"line":29,"column":20},"end":{"line":29,"column":32}}}},"statementMap":{"1":{"start":{"line":1,"column":0},"end":{"line":3,"column":54}},"2":{"start":{"line":5,"column":0},"end":{"line":5,"column":22}},"3":{"start":{"line":7,"column":0},"end":{"line":52,"column":1}},"4":{"start":{"line":8,"column":2},"end":{"line":11,"column":8}},"5":{"start":{"line":13,"column":2},"end":{"line":23,"column":3}},"6":{"start":{"line":14,"column":4},"end":{"line":15,"column":29}},"7":{"start":{"line":16,"column":4},"end":{"line":22,"column":5}},"8":{"start":{"line":17,"column":6},"end":{"line":17,"column":40}},"9":{"start":{"line":18,"column":6},"end":{"line":21,"column":7}},"10":{"start":{"line":19,"column":8},"end":{"line":19,"column":23}},"11":{"start":{"line":20,"column":8},"end":{"line":20,"column":35}},"12":{"start":{"line":25,"column":2},"end":{"line":27,"column":3}},"13":{"start":{"line":26,"column":4},"end":{"line":26,"column":18}},"14":{"start":{"line":29,"column":2},"end":{"line":32,"column":5}},"15":{"start":{"line":30,"column":4},"end":{"line":30,"column":40}},"16":{"start":{"line":31,"column":4},"end":{"line":31,"column":22}},"17":{"start":{"line":35,"column":2},"end":{"line":35,"column":31}},"18":{"start":{"line":37,"column":2},"end":{"line":37,"column":19}},"19":{"start":{"line":38,"column":2},"end":{"line":49,"column":3}},"20":{"start":{"line":39,"column":4},"end":{"line":39,"column":23}},"21":{"start":{"line":40,"column":4},"end":{"line":46,"column":5}},"22":{"start":{"line":41,"column":6},"end":{"line":41,"column":36}},"23":{"start":{"line":42,"column":11},"end":{"line":46,"column":5}},"24":{"start":{"line":43,"column":6},"end":{"line":43,"column":60}},"25":{"start":{"line":45,"column":6},"end":{"line":45,"column":18}},"26":{"start":{"line":48,"column":4},"end":{"line":48,"column":44}},"27":{"start":{"line":51,"column":2},"end":{"line":51,"column":16}}},"branchMap":{"1":{"line":14,"type":"cond-expr","locations":[{"start":{"line":14,"column":27},"end":{"line":14,"column":33}},{"start":{"line":14,"column":36},"end":{"line":14,"column":42}}]},"2":{"line":16,"type":"if","locations":[{"start":{"line":16,"column":4},"end":{"line":16,"column":4}},{"start":{"line":16,"column":4},"end":{"line":16,"column":4}}]},"3":{"line":18,"type":"if","locations":[{"start":{"line":18,"column":6},"end":{"line":18,"column":6}},{"start":{"line":18,"column":6},"end":{"line":18,"column":6}}]},"4":{"line":25,"type":"if","locations":[{"start":{"line":25,"column":2},"end":{"line":25,"column":2}},{"start":{"line":25,"column":2},"end":{"line":25,"column":2}}]},"5":{"line":40,"type":"if","locations":[{"start":{"line":40,"column":4},"end":{"line":40,"column":4}},{"start":{"line":40,"column":4},"end":{"line":40,"column":4}}]},"6":{"line":42,"type":"if","locations":[{"start":{"line":42,"column":11},"end":{"line":42,"column":11}},{"start":{"line":42,"column":11},"end":{"line":42,"column":11}}]}},"code":["var _ = require(\"../lodash\"),","    Graph = require(\"../graph\"),","    PriorityQueue = require(\"../data/priority-queue\");","","module.exports = prim;","","function prim(g, weightFunc) {","  var result = new Graph(),","      parents = {},","      pq = new PriorityQueue(),","      v;","","  function updateNeighbors(edge) {","    var w = edge.v === v ? edge.w : edge.v,","        pri = pq.priority(w);","    if (pri !== undefined) {","      var edgeWeight = weightFunc(edge);","      if (edgeWeight < pri) {","        parents[w] = v;","        pq.decrease(w, edgeWeight);","      }","    }","  }","","  if (g.nodeCount() === 0) {","    return result;","  }","","  _.each(g.nodes(), function(v) {","    pq.add(v, Number.POSITIVE_INFINITY);","    result.setNode(v);","  });","","  // Start from an arbitrary node","  pq.decrease(g.nodes()[0], 0);","","  var init = false;","  while (pq.size() > 0) {","    v = pq.removeMin();","    if (_.has(parents, v)) {","      result.setEdge(v, parents[v]);","    } else if (init) {","      throw new Error(\"Input graph is not connected: \" + g);","    } else {","      init = true;","    }","","    g.nodeEdges(v).forEach(updateNeighbors);","  }","","  return result;","}",""],"l":{"1":1,"5":1,"7":1,"8":0,"13":1,"14":0,"16":0,"17":0,"18":0,"19":0,"20":0,"25":0,"26":0,"29":0,"30":0,"31":0,"35":0,"37":0,"38":0,"39":0,"40":0,"41":0,"42":0,"43":0,"45":0,"48":0,"51":0}},"/home/travis/build/npmtest/node-npmtest-graphlib/node_modules/graphlib/karma.amd.conf.js":{"path":"/home/travis/build/npmtest/node-npmtest-graphlib/node_modules/graphlib/karma.amd.conf.js","s":{"1":1,"2":0},"b":{},"f":{"1":0},"fnMap":{"1":{"name":"(anonymous_1)","line":4,"loc":{"start":{"line":4,"column":17},"end":{"line":4,"column":34}}}},"statementMap":{"1":{"start":{"line":4,"column":0},"end":{"line":71,"column":2}},"2":{"start":{"line":5,"column":2},"end":{"line":70,"column":5}}},"branchMap":{},"code":["// Karma configuration","// Generated on Sat Oct 18 2014 17:38:05 GMT-0700 (PDT)","","module.exports = function(config) {","  config.set({","","    // base path that will be used to resolve all patterns (eg. files, exclude)","    basePath: '',","","","    // frameworks to use","    // available frameworks: https://npmjs.org/browse/keyword/karma-adapter","    frameworks: ['mocha', 'requirejs'],","","","    // list of files / patterns to load in the browser","    files: [","      {pattern: 'node_modules/chai/chai.js', included: false},","      {pattern: 'node_modules/lodash/lodash.js', included: false},","      {pattern: 'build/graphlib*.js', included: false},","      {pattern: 'test/bundle.amd-test.js', included: false},","      'test/test-main.js'","    ],","","","    // list of files to exclude","    exclude: [","    ],","","","    // preprocess matching files before serving them to the browser","    // available preprocessors: https://npmjs.org/browse/keyword/karma-preprocessor","    preprocessors: {","    },","","","    // test results reporter to use","    // possible values: 'dots', 'progress'","    // available reporters: https://npmjs.org/browse/keyword/karma-reporter","    reporters: ['progress'],","","    // web server port","    port: 9876,","","","    // enable / disable colors in the output (reporters and logs)","    colors: true,","","","    // level of logging","    // possible values: config.LOG_DISABLE || config.LOG_ERROR || config.LOG_WARN || config.LOG_INFO || config.LOG_DEBUG","    logLevel: config.LOG_INFO,","","","    // enable / disable watching file and executing tests whenever any file changes","    autoWatch: true,","","","    // start these browsers","    // available browser launchers: https://npmjs.org/browse/keyword/karma-launcher","    browsers: ['Chrome', 'Firefox', 'PhantomJS', 'Safari'],","","    plugins: [","      \"karma-*\"","    ],","","    // Continuous Integration mode","    // if true, Karma captures browsers, runs the tests and exits","    singleRun: false","  });","};",""],"l":{"4":1,"5":0}},"/home/travis/build/npmtest/node-npmtest-graphlib/node_modules/graphlib/karma.conf.js":{"path":"/home/travis/build/npmtest/node-npmtest-graphlib/node_modules/graphlib/karma.conf.js","s":{"1":1,"2":0},"b":{},"f":{"1":0},"fnMap":{"1":{"name":"(anonymous_1)","line":4,"loc":{"start":{"line":4,"column":17},"end":{"line":4,"column":34}}}},"statementMap":{"1":{"start":{"line":4,"column":0},"end":{"line":68,"column":2}},"2":{"start":{"line":5,"column":2},"end":{"line":67,"column":5}}},"branchMap":{},"code":["// Karma configuration","// Generated on Sat Oct 18 2014 17:38:05 GMT-0700 (PDT)","","module.exports = function(config) {","  config.set({","","    // base path that will be used to resolve all patterns (eg. files, exclude)","    basePath: '',","","","    // frameworks to use","    // available frameworks: https://npmjs.org/browse/keyword/karma-adapter","    frameworks: ['mocha'],","","","    // list of files / patterns to load in the browser","    files: [","      'build/graphlib.js',","","      'node_modules/chai/chai.js',","      'test/bundle-test.js'","    ],","","","    // list of files to exclude","    exclude: [","    ],","","","    // preprocess matching files before serving them to the browser","    // available preprocessors: https://npmjs.org/browse/keyword/karma-preprocessor","    preprocessors: {","    },","","","    // test results reporter to use","    // possible values: 'dots', 'progress'","    // available reporters: https://npmjs.org/browse/keyword/karma-reporter","    reporters: ['progress'],","","","    // web server port","    port: 9876,","","","    // enable / disable colors in the output (reporters and logs)","    colors: true,","","","    // level of logging","    // possible values: config.LOG_DISABLE || config.LOG_ERROR || config.LOG_WARN || config.LOG_INFO || config.LOG_DEBUG","    logLevel: config.LOG_INFO,","","","    // enable / disable watching file and executing tests whenever any file changes","    autoWatch: true,","","","    // start these browsers","    // available browser launchers: https://npmjs.org/browse/keyword/karma-launcher","    browsers: ['Chrome', 'Firefox', 'PhantomJS', 'Safari'],","","","    // Continuous Integration mode","    // if true, Karma captures browsers, runs the tests and exits","    singleRun: false","  });","};",""],"l":{"4":1,"5":0}},"/home/travis/build/npmtest/node-npmtest-graphlib/node_modules/graphlib/karma.core.conf.js":{"path":"/home/travis/build/npmtest/node-npmtest-graphlib/node_modules/graphlib/karma.core.conf.js","s":{"1":1,"2":0},"b":{},"f":{"1":0},"fnMap":{"1":{"name":"(anonymous_1)","line":4,"loc":{"start":{"line":4,"column":17},"end":{"line":4,"column":34}}}},"statementMap":{"1":{"start":{"line":4,"column":0},"end":{"line":69,"column":2}},"2":{"start":{"line":5,"column":2},"end":{"line":68,"column":5}}},"branchMap":{},"code":["// Karma configuration","// Generated on Sat Oct 18 2014 17:38:05 GMT-0700 (PDT)","","module.exports = function(config) {","  config.set({","","    // base path that will be used to resolve all patterns (eg. files, exclude)","    basePath: '',","","","    // frameworks to use","    // available frameworks: https://npmjs.org/browse/keyword/karma-adapter","    frameworks: ['mocha'],","","","    // list of files / patterns to load in the browser","    files: [","      'node_modules/lodash/lodash.js',","      'build/graphlib.core.js',","","      'node_modules/chai/chai.js',","      'test/bundle-test.js'","    ],","","","    // list of files to exclude","    exclude: [","    ],","","","    // preprocess matching files before serving them to the browser","    // available preprocessors: https://npmjs.org/browse/keyword/karma-preprocessor","    preprocessors: {","    },","","","    // test results reporter to use","    // possible values: 'dots', 'progress'","    // available reporters: https://npmjs.org/browse/keyword/karma-reporter","    reporters: ['progress'],","","","    // web server port","    port: 9876,","","","    // enable / disable colors in the output (reporters and logs)","    colors: true,","","","    // level of logging","    // possible values: config.LOG_DISABLE || config.LOG_ERROR || config.LOG_WARN || config.LOG_INFO || config.LOG_DEBUG","    logLevel: config.LOG_INFO,","","","    // enable / disable watching file and executing tests whenever any file changes","    autoWatch: true,","","","    // start these browsers","    // available browser launchers: https://npmjs.org/browse/keyword/karma-launcher","    browsers: ['Chrome', 'Firefox', 'PhantomJS', 'Safari'],","","","    // Continuous Integration mode","    // if true, Karma captures browsers, runs the tests and exits","    singleRun: false","  });","};",""],"l":{"4":1,"5":0}}}